<?xml version="1.0" encoding="UTF-8"?>
<testsuite xmlns:xsi="http://www.w3.org/2001/XMLSchema-instance" xsi:schemaLocation="https://maven.apache.org/surefire/maven-surefire-plugin/xsd/surefire-test-report.xsd" name="org.jitsi.videobridge.VideoBridgeTestSuite" time="0.524" tests="12" errors="8" skipped="0" failures="0">
  <properties>
[...]
</properties>
  <testcase name="focusControlTest" classname="org.jitsi.videobridge.FocusControlTest" time="0.01">
    <error message="Cannot invoke &quot;org.jitsi.videobridge.Videobridge.handleColibriConferenceIQ(net.java.sip.communicator.impl.protocol.jabber.extensions.colibri.ColibriConferenceIQ)&quot; because &quot;org.jitsi.videobridge.FocusControlTest.bridge&quot; is null" type="java.lang.NullPointerException">java.lang.NullPointerException: Cannot invoke "org.jitsi.videobridge.Videobridge.handleColibriConferenceIQ(net.java.sip.communicator.impl.protocol.jabber.extensions.colibri.ColibriConferenceIQ)" because "org.jitsi.videobridge.FocusControlTest.bridge" is null
	at org.jitsi.videobridge.FocusControlTest.focusControlTest(FocusControlTest.java:131)
</error>
    <system-err><![CDATA[May 02, 2022 8:47:59 PM org.jitsi.impl.osgi.framework.BundleImpl start
SEVERE: Error starting bundle: null
java.lang.ClassNotFoundException: org.jitsi.eventadmin.Activator
	at java.base/jdk.internal.loader.BuiltinClassLoader.loadClass(BuiltinClassLoader.java:641)
	at java.base/java.lang.ClassLoader.loadClass(ClassLoader.java:520)
	at org.jitsi.impl.osgi.framework.BundleImpl.loadClass(BundleImpl.java:237)
	at org.jitsi.impl.osgi.framework.BundleImpl.start(BundleImpl.java:305)
	at org.jitsi.impl.osgi.framework.launch.FrameworkImpl.startLevelChanged(FrameworkImpl.java:472)
	at org.jitsi.impl.osgi.framework.startlevel.FrameworkStartLevelImpl$Command.run(FrameworkStartLevelImpl.java:137)
	at org.jitsi.impl.osgi.framework.AsyncExecutor.runInThread(AsyncExecutor.java:122)
	at org.jitsi.impl.osgi.framework.AsyncExecutor.access$000(AsyncExecutor.java:28)
	at org.jitsi.impl.osgi.framework.AsyncExecutor$1.run(AsyncExecutor.java:231)

May 02, 2022 8:47:59 PM org.jitsi.impl.osgi.framework.launch.FrameworkImpl startLevelChanged
SEVERE: Error changing start level
org.osgi.framework.BundleException: BundleActivator.start
	at org.jitsi.impl.osgi.framework.BundleImpl.start(BundleImpl.java:327)
	at org.jitsi.impl.osgi.framework.launch.FrameworkImpl.startLevelChanged(FrameworkImpl.java:472)
	at org.jitsi.impl.osgi.framework.startlevel.FrameworkStartLevelImpl$Command.run(FrameworkStartLevelImpl.java:137)
	at org.jitsi.impl.osgi.framework.AsyncExecutor.runInThread(AsyncExecutor.java:122)
	at org.jitsi.impl.osgi.framework.AsyncExecutor.access$000(AsyncExecutor.java:28)
	at org.jitsi.impl.osgi.framework.AsyncExecutor$1.run(AsyncExecutor.java:231)
Caused by: java.lang.ClassNotFoundException: org.jitsi.eventadmin.Activator
	at java.base/jdk.internal.loader.BuiltinClassLoader.loadClass(BuiltinClassLoader.java:641)
	at java.base/java.lang.ClassLoader.loadClass(ClassLoader.java:520)
	at org.jitsi.impl.osgi.framework.BundleImpl.loadClass(BundleImpl.java:237)
	at org.jitsi.impl.osgi.framework.BundleImpl.start(BundleImpl.java:305)
	... 5 more

May 02, 2022 8:47:59 PM org.jitsi.impl.osgi.framework.BundleImpl start
SEVERE: Error starting bundle: null
java.lang.ClassNotFoundException: org.jitsi.service.libjitsi.LibJitsiActivator
	at java.base/jdk.internal.loader.BuiltinClassLoader.loadClass(BuiltinClassLoader.java:641)
	at java.base/java.lang.ClassLoader.loadClass(ClassLoader.java:520)
	at org.jitsi.impl.osgi.framework.BundleImpl.loadClass(BundleImpl.java:237)
	at org.jitsi.impl.osgi.framework.BundleImpl.start(BundleImpl.java:305)
	at org.jitsi.impl.osgi.framework.launch.FrameworkImpl.startLevelChanged(FrameworkImpl.java:472)
	at org.jitsi.impl.osgi.framework.startlevel.FrameworkStartLevelImpl$Command.run(FrameworkStartLevelImpl.java:137)
	at org.jitsi.impl.osgi.framework.AsyncExecutor.runInThread(AsyncExecutor.java:122)
	at org.jitsi.impl.osgi.framework.AsyncExecutor.access$000(AsyncExecutor.java:28)
	at org.jitsi.impl.osgi.framework.AsyncExecutor$1.run(AsyncExecutor.java:231)

May 02, 2022 8:47:59 PM org.jitsi.impl.osgi.framework.launch.FrameworkImpl startLevelChanged
SEVERE: Error changing start level
org.osgi.framework.BundleException: BundleActivator.start
	at org.jitsi.impl.osgi.framework.BundleImpl.start(BundleImpl.java:327)
	at org.jitsi.impl.osgi.framework.launch.FrameworkImpl.startLevelChanged(FrameworkImpl.java:472)
	at org.jitsi.impl.osgi.framework.startlevel.FrameworkStartLevelImpl$Command.run(FrameworkStartLevelImpl.java:137)
	at org.jitsi.impl.osgi.framework.AsyncExecutor.runInThread(AsyncExecutor.java:122)
	at org.jitsi.impl.osgi.framework.AsyncExecutor.access$000(AsyncExecutor.java:28)
	at org.jitsi.impl.osgi.framework.AsyncExecutor$1.run(AsyncExecutor.java:231)
Caused by: java.lang.ClassNotFoundException: org.jitsi.service.libjitsi.LibJitsiActivator
	at java.base/jdk.internal.loader.BuiltinClassLoader.loadClass(BuiltinClassLoader.java:641)
	at java.base/java.lang.ClassLoader.loadClass(ClassLoader.java:520)
	at org.jitsi.impl.osgi.framework.BundleImpl.loadClass(BundleImpl.java:237)
	at org.jitsi.impl.osgi.framework.BundleImpl.start(BundleImpl.java:305)
	... 5 more

May 02, 2022 8:47:59 PM org.jitsi.impl.osgi.framework.BundleImpl start
SEVERE: Error starting bundle: null
java.lang.ClassNotFoundException: net.java.sip.communicator.util.UtilActivator
	at java.base/jdk.internal.loader.BuiltinClassLoader.loadClass(BuiltinClassLoader.java:641)
	at java.base/java.lang.ClassLoader.loadClass(ClassLoader.java:520)
	at org.jitsi.impl.osgi.framework.BundleImpl.loadClass(BundleImpl.java:237)
	at org.jitsi.impl.osgi.framework.BundleImpl.start(BundleImpl.java:305)
	at org.jitsi.impl.osgi.framework.launch.FrameworkImpl.startLevelChanged(FrameworkImpl.java:472)
	at org.jitsi.impl.osgi.framework.startlevel.FrameworkStartLevelImpl$Command.run(FrameworkStartLevelImpl.java:137)
	at org.jitsi.impl.osgi.framework.AsyncExecutor.runInThread(AsyncExecutor.java:122)
	at org.jitsi.impl.osgi.framework.AsyncExecutor.access$000(AsyncExecutor.java:28)
	at org.jitsi.impl.osgi.framework.AsyncExecutor$1.run(AsyncExecutor.java:231)

May 02, 2022 8:47:59 PM org.jitsi.impl.osgi.framework.launch.FrameworkImpl startLevelChanged
SEVERE: Error changing start level
org.osgi.framework.BundleException: BundleActivator.start
	at org.jitsi.impl.osgi.framework.BundleImpl.start(BundleImpl.java:327)
	at org.jitsi.impl.osgi.framework.launch.FrameworkImpl.startLevelChanged(FrameworkImpl.java:472)
	at org.jitsi.impl.osgi.framework.startlevel.FrameworkStartLevelImpl$Command.run(FrameworkStartLevelImpl.java:137)
	at org.jitsi.impl.osgi.framework.AsyncExecutor.runInThread(AsyncExecutor.java:122)
	at org.jitsi.impl.osgi.framework.AsyncExecutor.access$000(AsyncExecutor.java:28)
	at org.jitsi.impl.osgi.framework.AsyncExecutor$1.run(AsyncExecutor.java:231)
Caused by: java.lang.ClassNotFoundException: net.java.sip.communicator.util.UtilActivator
	at java.base/jdk.internal.loader.BuiltinClassLoader.loadClass(BuiltinClassLoader.java:641)
	at java.base/java.lang.ClassLoader.loadClass(ClassLoader.java:520)
	at org.jitsi.impl.osgi.framework.BundleImpl.loadClass(BundleImpl.java:237)
	at org.jitsi.impl.osgi.framework.BundleImpl.start(BundleImpl.java:305)
	... 5 more

May 02, 2022 8:47:59 PM org.jitsi.impl.osgi.framework.BundleImpl start
SEVERE: Error starting bundle: null
java.lang.ClassNotFoundException: net.java.sip.communicator.impl.fileaccess.FileAccessActivator
	at java.base/jdk.internal.loader.BuiltinClassLoader.loadClass(BuiltinClassLoader.java:641)
	at java.base/java.lang.ClassLoader.loadClass(ClassLoader.java:520)
	at org.jitsi.impl.osgi.framework.BundleImpl.loadClass(BundleImpl.java:237)
	at org.jitsi.impl.osgi.framework.BundleImpl.start(BundleImpl.java:305)
	at org.jitsi.impl.osgi.framework.launch.FrameworkImpl.startLevelChanged(FrameworkImpl.java:472)
	at org.jitsi.impl.osgi.framework.startlevel.FrameworkStartLevelImpl$Command.run(FrameworkStartLevelImpl.java:137)
	at org.jitsi.impl.osgi.framework.AsyncExecutor.runInThread(AsyncExecutor.java:122)
	at org.jitsi.impl.osgi.framework.AsyncExecutor.access$000(AsyncExecutor.java:28)
	at org.jitsi.impl.osgi.framework.AsyncExecutor$1.run(AsyncExecutor.java:231)

May 02, 2022 8:47:59 PM org.jitsi.impl.osgi.framework.launch.FrameworkImpl startLevelChanged
SEVERE: Error changing start level
org.osgi.framework.BundleException: BundleActivator.start
	at org.jitsi.impl.osgi.framework.BundleImpl.start(BundleImpl.java:327)
	at org.jitsi.impl.osgi.framework.launch.FrameworkImpl.startLevelChanged(FrameworkImpl.java:472)
	at org.jitsi.impl.osgi.framework.startlevel.FrameworkStartLevelImpl$Command.run(FrameworkStartLevelImpl.java:137)
	at org.jitsi.impl.osgi.framework.AsyncExecutor.runInThread(AsyncExecutor.java:122)
	at org.jitsi.impl.osgi.framework.AsyncExecutor.access$000(AsyncExecutor.java:28)
	at org.jitsi.impl.osgi.framework.AsyncExecutor$1.run(AsyncExecutor.java:231)
Caused by: java.lang.ClassNotFoundException: net.java.sip.communicator.impl.fileaccess.FileAccessActivator
	at java.base/jdk.internal.loader.BuiltinClassLoader.loadClass(BuiltinClassLoader.java:641)
	at java.base/java.lang.ClassLoader.loadClass(ClassLoader.java:520)
	at org.jitsi.impl.osgi.framework.BundleImpl.loadClass(BundleImpl.java:237)
	at org.jitsi.impl.osgi.framework.BundleImpl.start(BundleImpl.java:305)
	... 5 more

May 02, 2022 8:47:59 PM org.jitsi.impl.osgi.framework.BundleImpl start
SEVERE: Error starting bundle: null
java.lang.ClassNotFoundException: net.java.sip.communicator.impl.configuration.ConfigurationActivator
	at java.base/jdk.internal.loader.BuiltinClassLoader.loadClass(BuiltinClassLoader.java:641)
	at java.base/java.lang.ClassLoader.loadClass(ClassLoader.java:520)
	at org.jitsi.impl.osgi.framework.BundleImpl.loadClass(BundleImpl.java:237)
	at org.jitsi.impl.osgi.framework.BundleImpl.start(BundleImpl.java:305)
	at org.jitsi.impl.osgi.framework.launch.FrameworkImpl.startLevelChanged(FrameworkImpl.java:472)
	at org.jitsi.impl.osgi.framework.startlevel.FrameworkStartLevelImpl$Command.run(FrameworkStartLevelImpl.java:137)
	at org.jitsi.impl.osgi.framework.AsyncExecutor.runInThread(AsyncExecutor.java:122)
	at org.jitsi.impl.osgi.framework.AsyncExecutor.access$000(AsyncExecutor.java:28)
	at org.jitsi.impl.osgi.framework.AsyncExecutor$1.run(AsyncExecutor.java:231)

May 02, 2022 8:47:59 PM org.jitsi.impl.osgi.framework.launch.FrameworkImpl startLevelChanged
SEVERE: Error changing start level
org.osgi.framework.BundleException: BundleActivator.start
	at org.jitsi.impl.osgi.framework.BundleImpl.start(BundleImpl.java:327)
	at org.jitsi.impl.osgi.framework.launch.FrameworkImpl.startLevelChanged(FrameworkImpl.java:472)
	at org.jitsi.impl.osgi.framework.startlevel.FrameworkStartLevelImpl$Command.run(FrameworkStartLevelImpl.java:137)
	at org.jitsi.impl.osgi.framework.AsyncExecutor.runInThread(AsyncExecutor.java:122)
	at org.jitsi.impl.osgi.framework.AsyncExecutor.access$000(AsyncExecutor.java:28)
	at org.jitsi.impl.osgi.framework.AsyncExecutor$1.run(AsyncExecutor.java:231)
Caused by: java.lang.ClassNotFoundException: net.java.sip.communicator.impl.configuration.ConfigurationActivator
	at java.base/jdk.internal.loader.BuiltinClassLoader.loadClass(BuiltinClassLoader.java:641)
	at java.base/java.lang.ClassLoader.loadClass(ClassLoader.java:520)
	at org.jitsi.impl.osgi.framework.BundleImpl.loadClass(BundleImpl.java:237)
	at org.jitsi.impl.osgi.framework.BundleImpl.start(BundleImpl.java:305)
	... 5 more

May 02, 2022 8:47:59 PM org.jitsi.impl.osgi.framework.BundleImpl start
SEVERE: Error starting bundle: null
java.lang.ClassNotFoundException: net.java.sip.communicator.impl.resources.ResourceManagementActivator
	at java.base/jdk.internal.loader.BuiltinClassLoader.loadClass(BuiltinClassLoader.java:641)
	at java.base/java.lang.ClassLoader.loadClass(ClassLoader.java:520)
	at org.jitsi.impl.osgi.framework.BundleImpl.loadClass(BundleImpl.java:237)
	at org.jitsi.impl.osgi.framework.BundleImpl.start(BundleImpl.java:305)
	at org.jitsi.impl.osgi.framework.launch.FrameworkImpl.startLevelChanged(FrameworkImpl.java:472)
	at org.jitsi.impl.osgi.framework.startlevel.FrameworkStartLevelImpl$Command.run(FrameworkStartLevelImpl.java:137)
	at org.jitsi.impl.osgi.framework.AsyncExecutor.runInThread(AsyncExecutor.java:122)
	at org.jitsi.impl.osgi.framework.AsyncExecutor.access$000(AsyncExecutor.java:28)
	at org.jitsi.impl.osgi.framework.AsyncExecutor$1.run(AsyncExecutor.java:231)

May 02, 2022 8:47:59 PM org.jitsi.impl.osgi.framework.launch.FrameworkImpl startLevelChanged
SEVERE: Error changing start level
org.osgi.framework.BundleException: BundleActivator.start
	at org.jitsi.impl.osgi.framework.BundleImpl.start(BundleImpl.java:327)
	at org.jitsi.impl.osgi.framework.launch.FrameworkImpl.startLevelChanged(FrameworkImpl.java:472)
	at org.jitsi.impl.osgi.framework.startlevel.FrameworkStartLevelImpl$Command.run(FrameworkStartLevelImpl.java:137)
	at org.jitsi.impl.osgi.framework.AsyncExecutor.runInThread(AsyncExecutor.java:122)
	at org.jitsi.impl.osgi.framework.AsyncExecutor.access$000(AsyncExecutor.java:28)
	at org.jitsi.impl.osgi.framework.AsyncExecutor$1.run(AsyncExecutor.java:231)
Caused by: java.lang.ClassNotFoundException: net.java.sip.communicator.impl.resources.ResourceManagementActivator
	at java.base/jdk.internal.loader.BuiltinClassLoader.loadClass(BuiltinClassLoader.java:641)
	at java.base/java.lang.ClassLoader.loadClass(ClassLoader.java:520)
	at org.jitsi.impl.osgi.framework.BundleImpl.loadClass(BundleImpl.java:237)
	at org.jitsi.impl.osgi.framework.BundleImpl.start(BundleImpl.java:305)
	... 5 more

May 02, 2022 8:47:59 PM org.jitsi.impl.osgi.framework.BundleImpl start
SEVERE: Error starting bundle: null
java.lang.ClassNotFoundException: net.java.sip.communicator.impl.netaddr.NetaddrActivator
	at java.base/jdk.internal.loader.BuiltinClassLoader.loadClass(BuiltinClassLoader.java:641)
	at java.base/java.lang.ClassLoader.loadClass(ClassLoader.java:520)
	at org.jitsi.impl.osgi.framework.BundleImpl.loadClass(BundleImpl.java:237)
	at org.jitsi.impl.osgi.framework.BundleImpl.start(BundleImpl.java:305)
	at org.jitsi.impl.osgi.framework.launch.FrameworkImpl.startLevelChanged(FrameworkImpl.java:472)
	at org.jitsi.impl.osgi.framework.startlevel.FrameworkStartLevelImpl$Command.run(FrameworkStartLevelImpl.java:137)
	at org.jitsi.impl.osgi.framework.AsyncExecutor.runInThread(AsyncExecutor.java:122)
	at org.jitsi.impl.osgi.framework.AsyncExecutor.access$000(AsyncExecutor.java:28)
	at org.jitsi.impl.osgi.framework.AsyncExecutor$1.run(AsyncExecutor.java:231)

May 02, 2022 8:47:59 PM org.jitsi.impl.osgi.framework.launch.FrameworkImpl startLevelChanged
SEVERE: Error changing start level
org.osgi.framework.BundleException: BundleActivator.start
	at org.jitsi.impl.osgi.framework.BundleImpl.start(BundleImpl.java:327)
	at org.jitsi.impl.osgi.framework.launch.FrameworkImpl.startLevelChanged(FrameworkImpl.java:472)
	at org.jitsi.impl.osgi.framework.startlevel.FrameworkStartLevelImpl$Command.run(FrameworkStartLevelImpl.java:137)
	at org.jitsi.impl.osgi.framework.AsyncExecutor.runInThread(AsyncExecutor.java:122)
	at org.jitsi.impl.osgi.framework.AsyncExecutor.access$000(AsyncExecutor.java:28)
	at org.jitsi.impl.osgi.framework.AsyncExecutor$1.run(AsyncExecutor.java:231)
Caused by: java.lang.ClassNotFoundException: net.java.sip.communicator.impl.netaddr.NetaddrActivator
	at java.base/jdk.internal.loader.BuiltinClassLoader.loadClass(BuiltinClassLoader.java:641)
	at java.base/java.lang.ClassLoader.loadClass(ClassLoader.java:520)
	at org.jitsi.impl.osgi.framework.BundleImpl.loadClass(BundleImpl.java:237)
	at org.jitsi.impl.osgi.framework.BundleImpl.start(BundleImpl.java:305)
	... 5 more

May 02, 2022 8:47:59 PM org.jitsi.impl.osgi.framework.BundleImpl start
SEVERE: Error starting bundle: null
java.lang.ClassNotFoundException: net.java.sip.communicator.impl.packetlogging.PacketLoggingActivator
	at java.base/jdk.internal.loader.BuiltinClassLoader.loadClass(BuiltinClassLoader.java:641)
	at java.base/java.lang.ClassLoader.loadClass(ClassLoader.java:520)
	at org.jitsi.impl.osgi.framework.BundleImpl.loadClass(BundleImpl.java:237)
	at org.jitsi.impl.osgi.framework.BundleImpl.start(BundleImpl.java:305)
	at org.jitsi.impl.osgi.framework.launch.FrameworkImpl.startLevelChanged(FrameworkImpl.java:472)
	at org.jitsi.impl.osgi.framework.startlevel.FrameworkStartLevelImpl$Command.run(FrameworkStartLevelImpl.java:137)
	at org.jitsi.impl.osgi.framework.AsyncExecutor.runInThread(AsyncExecutor.java:122)
	at org.jitsi.impl.osgi.framework.AsyncExecutor.access$000(AsyncExecutor.java:28)
	at org.jitsi.impl.osgi.framework.AsyncExecutor$1.run(AsyncExecutor.java:231)

May 02, 2022 8:47:59 PM org.jitsi.impl.osgi.framework.launch.FrameworkImpl startLevelChanged
SEVERE: Error changing start level
org.osgi.framework.BundleException: BundleActivator.start
	at org.jitsi.impl.osgi.framework.BundleImpl.start(BundleImpl.java:327)
	at org.jitsi.impl.osgi.framework.launch.FrameworkImpl.startLevelChanged(FrameworkImpl.java:472)
	at org.jitsi.impl.osgi.framework.startlevel.FrameworkStartLevelImpl$Command.run(FrameworkStartLevelImpl.java:137)
	at org.jitsi.impl.osgi.framework.AsyncExecutor.runInThread(AsyncExecutor.java:122)
	at org.jitsi.impl.osgi.framework.AsyncExecutor.access$000(AsyncExecutor.java:28)
	at org.jitsi.impl.osgi.framework.AsyncExecutor$1.run(AsyncExecutor.java:231)
Caused by: java.lang.ClassNotFoundException: net.java.sip.communicator.impl.packetlogging.PacketLoggingActivator
	at java.base/jdk.internal.loader.BuiltinClassLoader.loadClass(BuiltinClassLoader.java:641)
	at java.base/java.lang.ClassLoader.loadClass(ClassLoader.java:520)
	at org.jitsi.impl.osgi.framework.BundleImpl.loadClass(BundleImpl.java:237)
	at org.jitsi.impl.osgi.framework.BundleImpl.start(BundleImpl.java:305)
	... 5 more

May 02, 2022 8:47:59 PM org.jitsi.impl.osgi.framework.BundleImpl start
SEVERE: Error starting bundle: null
java.lang.ClassNotFoundException: net.java.sip.communicator.service.gui.internal.GuiServiceActivator
	at java.base/jdk.internal.loader.BuiltinClassLoader.loadClass(BuiltinClassLoader.java:641)
	at java.base/java.lang.ClassLoader.loadClass(ClassLoader.java:520)
	at org.jitsi.impl.osgi.framework.BundleImpl.loadClass(BundleImpl.java:237)
	at org.jitsi.impl.osgi.framework.BundleImpl.start(BundleImpl.java:305)
	at org.jitsi.impl.osgi.framework.launch.FrameworkImpl.startLevelChanged(FrameworkImpl.java:472)
	at org.jitsi.impl.osgi.framework.startlevel.FrameworkStartLevelImpl$Command.run(FrameworkStartLevelImpl.java:137)
	at org.jitsi.impl.osgi.framework.AsyncExecutor.runInThread(AsyncExecutor.java:122)
	at org.jitsi.impl.osgi.framework.AsyncExecutor.access$000(AsyncExecutor.java:28)
	at org.jitsi.impl.osgi.framework.AsyncExecutor$1.run(AsyncExecutor.java:231)

May 02, 2022 8:47:59 PM org.jitsi.impl.osgi.framework.launch.FrameworkImpl startLevelChanged
SEVERE: Error changing start level
org.osgi.framework.BundleException: BundleActivator.start
	at org.jitsi.impl.osgi.framework.BundleImpl.start(BundleImpl.java:327)
	at org.jitsi.impl.osgi.framework.launch.FrameworkImpl.startLevelChanged(FrameworkImpl.java:472)
	at org.jitsi.impl.osgi.framework.startlevel.FrameworkStartLevelImpl$Command.run(FrameworkStartLevelImpl.java:137)
	at org.jitsi.impl.osgi.framework.AsyncExecutor.runInThread(AsyncExecutor.java:122)
	at org.jitsi.impl.osgi.framework.AsyncExecutor.access$000(AsyncExecutor.java:28)
	at org.jitsi.impl.osgi.framework.AsyncExecutor$1.run(AsyncExecutor.java:231)
Caused by: java.lang.ClassNotFoundException: net.java.sip.communicator.service.gui.internal.GuiServiceActivator
	at java.base/jdk.internal.loader.BuiltinClassLoader.loadClass(BuiltinClassLoader.java:641)
	at java.base/java.lang.ClassLoader.loadClass(ClassLoader.java:520)
	at org.jitsi.impl.osgi.framework.BundleImpl.loadClass(BundleImpl.java:237)
	at org.jitsi.impl.osgi.framework.BundleImpl.start(BundleImpl.java:305)
	... 5 more

May 02, 2022 8:47:59 PM org.jitsi.impl.osgi.framework.BundleImpl start
SEVERE: Error starting bundle: null
java.lang.ClassNotFoundException: net.java.sip.communicator.service.protocol.media.ProtocolMediaActivator
	at java.base/jdk.internal.loader.BuiltinClassLoader.loadClass(BuiltinClassLoader.java:641)
	at java.base/java.lang.ClassLoader.loadClass(ClassLoader.java:520)
	at org.jitsi.impl.osgi.framework.BundleImpl.loadClass(BundleImpl.java:237)
	at org.jitsi.impl.osgi.framework.BundleImpl.start(BundleImpl.java:305)
	at org.jitsi.impl.osgi.framework.launch.FrameworkImpl.startLevelChanged(FrameworkImpl.java:472)
	at org.jitsi.impl.osgi.framework.startlevel.FrameworkStartLevelImpl$Command.run(FrameworkStartLevelImpl.java:137)
	at org.jitsi.impl.osgi.framework.AsyncExecutor.runInThread(AsyncExecutor.java:122)
	at org.jitsi.impl.osgi.framework.AsyncExecutor.access$000(AsyncExecutor.java:28)
	at org.jitsi.impl.osgi.framework.AsyncExecutor$1.run(AsyncExecutor.java:231)

May 02, 2022 8:47:59 PM org.jitsi.impl.osgi.framework.launch.FrameworkImpl startLevelChanged
SEVERE: Error changing start level
org.osgi.framework.BundleException: BundleActivator.start
	at org.jitsi.impl.osgi.framework.BundleImpl.start(BundleImpl.java:327)
	at org.jitsi.impl.osgi.framework.launch.FrameworkImpl.startLevelChanged(FrameworkImpl.java:472)
	at org.jitsi.impl.osgi.framework.startlevel.FrameworkStartLevelImpl$Command.run(FrameworkStartLevelImpl.java:137)
	at org.jitsi.impl.osgi.framework.AsyncExecutor.runInThread(AsyncExecutor.java:122)
	at org.jitsi.impl.osgi.framework.AsyncExecutor.access$000(AsyncExecutor.java:28)
	at org.jitsi.impl.osgi.framework.AsyncExecutor$1.run(AsyncExecutor.java:231)
Caused by: java.lang.ClassNotFoundException: net.java.sip.communicator.service.protocol.media.ProtocolMediaActivator
	at java.base/jdk.internal.loader.BuiltinClassLoader.loadClass(BuiltinClassLoader.java:641)
	at java.base/java.lang.ClassLoader.loadClass(ClassLoader.java:520)
	at org.jitsi.impl.osgi.framework.BundleImpl.loadClass(BundleImpl.java:237)
	at org.jitsi.impl.osgi.framework.BundleImpl.start(BundleImpl.java:305)
	... 5 more

May 02, 2022 8:47:59 PM org.jitsi.impl.osgi.framework.BundleImpl start
SEVERE: Error starting bundle: null
java.lang.ClassNotFoundException: org.jitsi.videobridge.eventadmin.callstats.Activator
	at java.base/jdk.internal.loader.BuiltinClassLoader.loadClass(BuiltinClassLoader.java:641)
	at java.base/java.lang.ClassLoader.loadClass(ClassLoader.java:520)
	at org.jitsi.impl.osgi.framework.BundleImpl.loadClass(BundleImpl.java:237)
	at org.jitsi.impl.osgi.framework.BundleImpl.start(BundleImpl.java:305)
	at org.jitsi.impl.osgi.framework.launch.FrameworkImpl.startLevelChanged(FrameworkImpl.java:472)
	at org.jitsi.impl.osgi.framework.startlevel.FrameworkStartLevelImpl$Command.run(FrameworkStartLevelImpl.java:137)
	at org.jitsi.impl.osgi.framework.AsyncExecutor.runInThread(AsyncExecutor.java:122)
	at org.jitsi.impl.osgi.framework.AsyncExecutor.access$000(AsyncExecutor.java:28)
	at org.jitsi.impl.osgi.framework.AsyncExecutor$1.run(AsyncExecutor.java:231)

May 02, 2022 8:47:59 PM org.jitsi.impl.osgi.framework.launch.FrameworkImpl startLevelChanged
SEVERE: Error changing start level
org.osgi.framework.BundleException: BundleActivator.start
	at org.jitsi.impl.osgi.framework.BundleImpl.start(BundleImpl.java:327)
	at org.jitsi.impl.osgi.framework.launch.FrameworkImpl.startLevelChanged(FrameworkImpl.java:472)
	at org.jitsi.impl.osgi.framework.startlevel.FrameworkStartLevelImpl$Command.run(FrameworkStartLevelImpl.java:137)
	at org.jitsi.impl.osgi.framework.AsyncExecutor.runInThread(AsyncExecutor.java:122)
	at org.jitsi.impl.osgi.framework.AsyncExecutor.access$000(AsyncExecutor.java:28)
	at org.jitsi.impl.osgi.framework.AsyncExecutor$1.run(AsyncExecutor.java:231)
Caused by: java.lang.ClassNotFoundException: org.jitsi.videobridge.eventadmin.callstats.Activator
	at java.base/jdk.internal.loader.BuiltinClassLoader.loadClass(BuiltinClassLoader.java:641)
	at java.base/java.lang.ClassLoader.loadClass(ClassLoader.java:520)
	at org.jitsi.impl.osgi.framework.BundleImpl.loadClass(BundleImpl.java:237)
	at org.jitsi.impl.osgi.framework.BundleImpl.start(BundleImpl.java:305)
	... 5 more

May 02, 2022 8:47:59 PM org.jitsi.impl.osgi.framework.BundleImpl start
SEVERE: Error starting bundle: null
java.lang.ClassNotFoundException: org.jitsi.videobridge.VideobridgeBundleActivator
	at java.base/jdk.internal.loader.BuiltinClassLoader.loadClass(BuiltinClassLoader.java:641)
	at java.base/java.lang.ClassLoader.loadClass(ClassLoader.java:520)
	at org.jitsi.impl.osgi.framework.BundleImpl.loadClass(BundleImpl.java:237)
	at org.jitsi.impl.osgi.framework.BundleImpl.start(BundleImpl.java:305)
	at org.jitsi.impl.osgi.framework.launch.FrameworkImpl.startLevelChanged(FrameworkImpl.java:472)
	at org.jitsi.impl.osgi.framework.startlevel.FrameworkStartLevelImpl$Command.run(FrameworkStartLevelImpl.java:137)
	at org.jitsi.impl.osgi.framework.AsyncExecutor.runInThread(AsyncExecutor.java:122)
	at org.jitsi.impl.osgi.framework.AsyncExecutor.access$000(AsyncExecutor.java:28)
	at org.jitsi.impl.osgi.framework.AsyncExecutor$1.run(AsyncExecutor.java:231)

May 02, 2022 8:47:59 PM org.jitsi.impl.osgi.framework.launch.FrameworkImpl startLevelChanged
SEVERE: Error changing start level
org.osgi.framework.BundleException: BundleActivator.start
	at org.jitsi.impl.osgi.framework.BundleImpl.start(BundleImpl.java:327)
	at org.jitsi.impl.osgi.framework.launch.FrameworkImpl.startLevelChanged(FrameworkImpl.java:472)
	at org.jitsi.impl.osgi.framework.startlevel.FrameworkStartLevelImpl$Command.run(FrameworkStartLevelImpl.java:137)
	at org.jitsi.impl.osgi.framework.AsyncExecutor.runInThread(AsyncExecutor.java:122)
	at org.jitsi.impl.osgi.framework.AsyncExecutor.access$000(AsyncExecutor.java:28)
	at org.jitsi.impl.osgi.framework.AsyncExecutor$1.run(AsyncExecutor.java:231)
Caused by: java.lang.ClassNotFoundException: org.jitsi.videobridge.VideobridgeBundleActivator
	at java.base/jdk.internal.loader.BuiltinClassLoader.loadClass(BuiltinClassLoader.java:641)
	at java.base/java.lang.ClassLoader.loadClass(ClassLoader.java:520)
	at org.jitsi.impl.osgi.framework.BundleImpl.loadClass(BundleImpl.java:237)
	at org.jitsi.impl.osgi.framework.BundleImpl.start(BundleImpl.java:305)
	... 5 more

May 02, 2022 8:47:59 PM org.jitsi.impl.osgi.framework.BundleImpl start
SEVERE: Error starting bundle: null
java.lang.ClassNotFoundException: org.jitsi.videobridge.version.VersionActivator
	at java.base/jdk.internal.loader.BuiltinClassLoader.loadClass(BuiltinClassLoader.java:641)
	at java.base/java.lang.ClassLoader.loadClass(ClassLoader.java:520)
	at org.jitsi.impl.osgi.framework.BundleImpl.loadClass(BundleImpl.java:237)
	at org.jitsi.impl.osgi.framework.BundleImpl.start(BundleImpl.java:305)
	at org.jitsi.impl.osgi.framework.launch.FrameworkImpl.startLevelChanged(FrameworkImpl.java:472)
	at org.jitsi.impl.osgi.framework.startlevel.FrameworkStartLevelImpl$Command.run(FrameworkStartLevelImpl.java:137)
	at org.jitsi.impl.osgi.framework.AsyncExecutor.runInThread(AsyncExecutor.java:122)
	at org.jitsi.impl.osgi.framework.AsyncExecutor.access$000(AsyncExecutor.java:28)
	at org.jitsi.impl.osgi.framework.AsyncExecutor$1.run(AsyncExecutor.java:231)

May 02, 2022 8:47:59 PM org.jitsi.impl.osgi.framework.launch.FrameworkImpl startLevelChanged
SEVERE: Error changing start level
org.osgi.framework.BundleException: BundleActivator.start
	at org.jitsi.impl.osgi.framework.BundleImpl.start(BundleImpl.java:327)
	at org.jitsi.impl.osgi.framework.launch.FrameworkImpl.startLevelChanged(FrameworkImpl.java:472)
	at org.jitsi.impl.osgi.framework.startlevel.FrameworkStartLevelImpl$Command.run(FrameworkStartLevelImpl.java:137)
	at org.jitsi.impl.osgi.framework.AsyncExecutor.runInThread(AsyncExecutor.java:122)
	at org.jitsi.impl.osgi.framework.AsyncExecutor.access$000(AsyncExecutor.java:28)
	at org.jitsi.impl.osgi.framework.AsyncExecutor$1.run(AsyncExecutor.java:231)
Caused by: java.lang.ClassNotFoundException: org.jitsi.videobridge.version.VersionActivator
	at java.base/jdk.internal.loader.BuiltinClassLoader.loadClass(BuiltinClassLoader.java:641)
	at java.base/java.lang.ClassLoader.loadClass(ClassLoader.java:520)
	at org.jitsi.impl.osgi.framework.BundleImpl.loadClass(BundleImpl.java:237)
	at org.jitsi.impl.osgi.framework.BundleImpl.start(BundleImpl.java:305)
	... 5 more

May 02, 2022 8:47:59 PM org.jitsi.impl.osgi.framework.BundleImpl start
SEVERE: Error starting bundle: null
java.lang.ClassNotFoundException: org.jitsi.videobridge.rest.RESTBundleActivator
	at java.base/jdk.internal.loader.BuiltinClassLoader.loadClass(BuiltinClassLoader.java:641)
	at java.base/java.lang.ClassLoader.loadClass(ClassLoader.java:520)
	at org.jitsi.impl.osgi.framework.BundleImpl.loadClass(BundleImpl.java:237)
	at org.jitsi.impl.osgi.framework.BundleImpl.start(BundleImpl.java:305)
	at org.jitsi.impl.osgi.framework.launch.FrameworkImpl.startLevelChanged(FrameworkImpl.java:472)
	at org.jitsi.impl.osgi.framework.startlevel.FrameworkStartLevelImpl$Command.run(FrameworkStartLevelImpl.java:137)
	at org.jitsi.impl.osgi.framework.AsyncExecutor.runInThread(AsyncExecutor.java:122)
	at org.jitsi.impl.osgi.framework.AsyncExecutor.access$000(AsyncExecutor.java:28)
	at org.jitsi.impl.osgi.framework.AsyncExecutor$1.run(AsyncExecutor.java:231)

May 02, 2022 8:47:59 PM org.jitsi.impl.osgi.framework.launch.FrameworkImpl startLevelChanged
SEVERE: Error changing start level
org.osgi.framework.BundleException: BundleActivator.start
	at org.jitsi.impl.osgi.framework.BundleImpl.start(BundleImpl.java:327)
	at org.jitsi.impl.osgi.framework.launch.FrameworkImpl.startLevelChanged(FrameworkImpl.java:472)
	at org.jitsi.impl.osgi.framework.startlevel.FrameworkStartLevelImpl$Command.run(FrameworkStartLevelImpl.java:137)
	at org.jitsi.impl.osgi.framework.AsyncExecutor.runInThread(AsyncExecutor.java:122)
	at org.jitsi.impl.osgi.framework.AsyncExecutor.access$000(AsyncExecutor.java:28)
	at org.jitsi.impl.osgi.framework.AsyncExecutor$1.run(AsyncExecutor.java:231)
Caused by: java.lang.ClassNotFoundException: org.jitsi.videobridge.rest.RESTBundleActivator
	at java.base/jdk.internal.loader.BuiltinClassLoader.loadClass(BuiltinClassLoader.java:641)
	at java.base/java.lang.ClassLoader.loadClass(ClassLoader.java:520)
	at org.jitsi.impl.osgi.framework.BundleImpl.loadClass(BundleImpl.java:237)
	at org.jitsi.impl.osgi.framework.BundleImpl.start(BundleImpl.java:305)
	... 5 more

May 02, 2022 8:47:59 PM org.jitsi.impl.osgi.framework.BundleImpl start
SEVERE: Error starting bundle: null
java.lang.ClassNotFoundException: org.jitsi.videobridge.rest.PublicRESTBundleActivator
	at java.base/jdk.internal.loader.BuiltinClassLoader.loadClass(BuiltinClassLoader.java:641)
	at java.base/java.lang.ClassLoader.loadClass(ClassLoader.java:520)
	at org.jitsi.impl.osgi.framework.BundleImpl.loadClass(BundleImpl.java:237)
	at org.jitsi.impl.osgi.framework.BundleImpl.start(BundleImpl.java:305)
	at org.jitsi.impl.osgi.framework.launch.FrameworkImpl.startLevelChanged(FrameworkImpl.java:472)
	at org.jitsi.impl.osgi.framework.startlevel.FrameworkStartLevelImpl$Command.run(FrameworkStartLevelImpl.java:137)
	at org.jitsi.impl.osgi.framework.AsyncExecutor.runInThread(AsyncExecutor.java:122)
	at org.jitsi.impl.osgi.framework.AsyncExecutor.access$000(AsyncExecutor.java:28)
	at org.jitsi.impl.osgi.framework.AsyncExecutor$1.run(AsyncExecutor.java:231)

May 02, 2022 8:47:59 PM org.jitsi.impl.osgi.framework.launch.FrameworkImpl startLevelChanged
SEVERE: Error changing start level
org.osgi.framework.BundleException: BundleActivator.start
	at org.jitsi.impl.osgi.framework.BundleImpl.start(BundleImpl.java:327)
	at org.jitsi.impl.osgi.framework.launch.FrameworkImpl.startLevelChanged(FrameworkImpl.java:472)
	at org.jitsi.impl.osgi.framework.startlevel.FrameworkStartLevelImpl$Command.run(FrameworkStartLevelImpl.java:137)
	at org.jitsi.impl.osgi.framework.AsyncExecutor.runInThread(AsyncExecutor.java:122)
	at org.jitsi.impl.osgi.framework.AsyncExecutor.access$000(AsyncExecutor.java:28)
	at org.jitsi.impl.osgi.framework.AsyncExecutor$1.run(AsyncExecutor.java:231)
Caused by: java.lang.ClassNotFoundException: org.jitsi.videobridge.rest.PublicRESTBundleActivator
	at java.base/jdk.internal.loader.BuiltinClassLoader.loadClass(BuiltinClassLoader.java:641)
	at java.base/java.lang.ClassLoader.loadClass(ClassLoader.java:520)
	at org.jitsi.impl.osgi.framework.BundleImpl.loadClass(BundleImpl.java:237)
	at org.jitsi.impl.osgi.framework.BundleImpl.start(BundleImpl.java:305)
	... 5 more

May 02, 2022 8:47:59 PM org.jitsi.impl.osgi.framework.BundleImpl start
SEVERE: Error starting bundle: null
java.lang.ClassNotFoundException: org.jitsi.videobridge.stats.StatsManagerBundleActivator
	at java.base/jdk.internal.loader.BuiltinClassLoader.loadClass(BuiltinClassLoader.java:641)
	at java.base/java.lang.ClassLoader.loadClass(ClassLoader.java:520)
	at org.jitsi.impl.osgi.framework.BundleImpl.loadClass(BundleImpl.java:237)
	at org.jitsi.impl.osgi.framework.BundleImpl.start(BundleImpl.java:305)
	at org.jitsi.impl.osgi.framework.launch.FrameworkImpl.startLevelChanged(FrameworkImpl.java:472)
	at org.jitsi.impl.osgi.framework.startlevel.FrameworkStartLevelImpl$Command.run(FrameworkStartLevelImpl.java:137)
	at org.jitsi.impl.osgi.framework.AsyncExecutor.runInThread(AsyncExecutor.java:122)
	at org.jitsi.impl.osgi.framework.AsyncExecutor.access$000(AsyncExecutor.java:28)
	at org.jitsi.impl.osgi.framework.AsyncExecutor$1.run(AsyncExecutor.java:231)

May 02, 2022 8:47:59 PM org.jitsi.impl.osgi.framework.launch.FrameworkImpl startLevelChanged
SEVERE: Error changing start level
org.osgi.framework.BundleException: BundleActivator.start
	at org.jitsi.impl.osgi.framework.BundleImpl.start(BundleImpl.java:327)
	at org.jitsi.impl.osgi.framework.launch.FrameworkImpl.startLevelChanged(FrameworkImpl.java:472)
	at org.jitsi.impl.osgi.framework.startlevel.FrameworkStartLevelImpl$Command.run(FrameworkStartLevelImpl.java:137)
	at org.jitsi.impl.osgi.framework.AsyncExecutor.runInThread(AsyncExecutor.java:122)
	at org.jitsi.impl.osgi.framework.AsyncExecutor.access$000(AsyncExecutor.java:28)
	at org.jitsi.impl.osgi.framework.AsyncExecutor$1.run(AsyncExecutor.java:231)
Caused by: java.lang.ClassNotFoundException: org.jitsi.videobridge.stats.StatsManagerBundleActivator
	at java.base/jdk.internal.loader.BuiltinClassLoader.loadClass(BuiltinClassLoader.java:641)
	at java.base/java.lang.ClassLoader.loadClass(ClassLoader.java:520)
	at org.jitsi.impl.osgi.framework.BundleImpl.loadClass(BundleImpl.java:237)
	at org.jitsi.impl.osgi.framework.BundleImpl.start(BundleImpl.java:305)
	... 5 more

May 02, 2022 8:47:59 PM org.jitsi.impl.osgi.framework.BundleImpl start
SEVERE: Error starting bundle: null
java.lang.ClassNotFoundException: org.jitsi.videobridge.EndpointConnectionStatus
	at java.base/jdk.internal.loader.BuiltinClassLoader.loadClass(BuiltinClassLoader.java:641)
	at java.base/java.lang.ClassLoader.loadClass(ClassLoader.java:520)
	at org.jitsi.impl.osgi.framework.BundleImpl.loadClass(BundleImpl.java:237)
	at org.jitsi.impl.osgi.framework.BundleImpl.start(BundleImpl.java:305)
	at org.jitsi.impl.osgi.framework.launch.FrameworkImpl.startLevelChanged(FrameworkImpl.java:472)
	at org.jitsi.impl.osgi.framework.startlevel.FrameworkStartLevelImpl$Command.run(FrameworkStartLevelImpl.java:137)
	at org.jitsi.impl.osgi.framework.AsyncExecutor.runInThread(AsyncExecutor.java:122)
	at org.jitsi.impl.osgi.framework.AsyncExecutor.access$000(AsyncExecutor.java:28)
	at org.jitsi.impl.osgi.framework.AsyncExecutor$1.run(AsyncExecutor.java:231)

May 02, 2022 8:47:59 PM org.jitsi.impl.osgi.framework.launch.FrameworkImpl startLevelChanged
SEVERE: Error changing start level
org.osgi.framework.BundleException: BundleActivator.start
	at org.jitsi.impl.osgi.framework.BundleImpl.start(BundleImpl.java:327)
	at org.jitsi.impl.osgi.framework.launch.FrameworkImpl.startLevelChanged(FrameworkImpl.java:472)
	at org.jitsi.impl.osgi.framework.startlevel.FrameworkStartLevelImpl$Command.run(FrameworkStartLevelImpl.java:137)
	at org.jitsi.impl.osgi.framework.AsyncExecutor.runInThread(AsyncExecutor.java:122)
	at org.jitsi.impl.osgi.framework.AsyncExecutor.access$000(AsyncExecutor.java:28)
	at org.jitsi.impl.osgi.framework.AsyncExecutor$1.run(AsyncExecutor.java:231)
Caused by: java.lang.ClassNotFoundException: org.jitsi.videobridge.EndpointConnectionStatus
	at java.base/jdk.internal.loader.BuiltinClassLoader.loadClass(BuiltinClassLoader.java:641)
	at java.base/java.lang.ClassLoader.loadClass(ClassLoader.java:520)
	at org.jitsi.impl.osgi.framework.BundleImpl.loadClass(BundleImpl.java:237)
	at org.jitsi.impl.osgi.framework.BundleImpl.start(BundleImpl.java:305)
	... 5 more

May 02, 2022 8:47:59 PM org.jitsi.impl.osgi.framework.BundleImpl start
SEVERE: Error starting bundle: null
java.lang.ClassNotFoundException: org.jitsi.videobridge.octo.OctoRelayService
	at java.base/jdk.internal.loader.BuiltinClassLoader.loadClass(BuiltinClassLoader.java:641)
	at java.base/java.lang.ClassLoader.loadClass(ClassLoader.java:520)
	at org.jitsi.impl.osgi.framework.BundleImpl.loadClass(BundleImpl.java:237)
	at org.jitsi.impl.osgi.framework.BundleImpl.start(BundleImpl.java:305)
	at org.jitsi.impl.osgi.framework.launch.FrameworkImpl.startLevelChanged(FrameworkImpl.java:472)
	at org.jitsi.impl.osgi.framework.startlevel.FrameworkStartLevelImpl$Command.run(FrameworkStartLevelImpl.java:137)
	at org.jitsi.impl.osgi.framework.AsyncExecutor.runInThread(AsyncExecutor.java:122)
	at org.jitsi.impl.osgi.framework.AsyncExecutor.access$000(AsyncExecutor.java:28)
	at org.jitsi.impl.osgi.framework.AsyncExecutor$1.run(AsyncExecutor.java:231)

May 02, 2022 8:47:59 PM org.jitsi.impl.osgi.framework.launch.FrameworkImpl startLevelChanged
SEVERE: Error changing start level
org.osgi.framework.BundleException: BundleActivator.start
	at org.jitsi.impl.osgi.framework.BundleImpl.start(BundleImpl.java:327)
	at org.jitsi.impl.osgi.framework.launch.FrameworkImpl.startLevelChanged(FrameworkImpl.java:472)
	at org.jitsi.impl.osgi.framework.startlevel.FrameworkStartLevelImpl$Command.run(FrameworkStartLevelImpl.java:137)
	at org.jitsi.impl.osgi.framework.AsyncExecutor.runInThread(AsyncExecutor.java:122)
	at org.jitsi.impl.osgi.framework.AsyncExecutor.access$000(AsyncExecutor.java:28)
	at org.jitsi.impl.osgi.framework.AsyncExecutor$1.run(AsyncExecutor.java:231)
Caused by: java.lang.ClassNotFoundException: org.jitsi.videobridge.octo.OctoRelayService
	at java.base/jdk.internal.loader.BuiltinClassLoader.loadClass(BuiltinClassLoader.java:641)
	at java.base/java.lang.ClassLoader.loadClass(ClassLoader.java:520)
	at org.jitsi.impl.osgi.framework.BundleImpl.loadClass(BundleImpl.java:237)
	at org.jitsi.impl.osgi.framework.BundleImpl.start(BundleImpl.java:305)
	... 5 more

]]></system-err>
  </testcase>
  <testcase name="noFocusControlTest" classname="org.jitsi.videobridge.FocusControlTest" time="0">
    <error message="Cannot invoke &quot;org.jitsi.videobridge.Videobridge.handleColibriConferenceIQ(net.java.sip.communicator.impl.protocol.jabber.extensions.colibri.ColibriConferenceIQ, int)&quot; because &quot;org.jitsi.videobridge.FocusControlTest.bridge&quot; is null" type="java.lang.NullPointerException">java.lang.NullPointerException: Cannot invoke "org.jitsi.videobridge.Videobridge.handleColibriConferenceIQ(net.java.sip.communicator.impl.protocol.jabber.extensions.colibri.ColibriConferenceIQ, int)" because "org.jitsi.videobridge.FocusControlTest.bridge" is null
	at org.jitsi.videobridge.FocusControlTest.noFocusControlTest(FocusControlTest.java:169)
</error>
  </testcase>
  <testcase name="anyFocusControlTest" classname="org.jitsi.videobridge.FocusControlTest" time="0">
    <error message="Cannot invoke &quot;org.jitsi.videobridge.Videobridge.handleColibriConferenceIQ(net.java.sip.communicator.impl.protocol.jabber.extensions.colibri.ColibriConferenceIQ, int)&quot; because &quot;org.jitsi.videobridge.FocusControlTest.bridge&quot; is null" type="java.lang.NullPointerException">java.lang.NullPointerException: Cannot invoke "org.jitsi.videobridge.Videobridge.handleColibriConferenceIQ(net.java.sip.communicator.impl.protocol.jabber.extensions.colibri.ColibriConferenceIQ, int)" because "org.jitsi.videobridge.FocusControlTest.bridge" is null
	at org.jitsi.videobridge.FocusControlTest.anyFocusControlTest(FocusControlTest.java:195)
</error>
  </testcase>
  <testcase name="authorizedSourceTest" classname="org.jitsi.videobridge.FocusControlTest" time="0.001">
    <error message="Cannot invoke &quot;org.jitsi.videobridge.Videobridge.setAuthorizedSourceRegExp(String)&quot; because &quot;org.jitsi.videobridge.FocusControlTest.bridge&quot; is null" type="java.lang.NullPointerException">java.lang.NullPointerException: Cannot invoke "org.jitsi.videobridge.Videobridge.setAuthorizedSourceRegExp(String)" because "org.jitsi.videobridge.FocusControlTest.bridge" is null
	at org.jitsi.videobridge.FocusControlTest.authorizedSourceTest(FocusControlTest.java:222)
</error>
  </testcase>
  <testcase name="testNo_127_0_0_0_CandidateIps" classname="org.jitsi.videobridge.RawUdpConferenceTest" time="0.003">
    <error message="Cannot invoke &quot;org.jitsi.videobridge.Videobridge.handleColibriConferenceIQ(net.java.sip.communicator.impl.protocol.jabber.extensions.colibri.ColibriConferenceIQ)&quot; because &quot;org.jitsi.videobridge.RawUdpConferenceTest.bridge&quot; is null" type="java.lang.NullPointerException">java.lang.NullPointerException: Cannot invoke "org.jitsi.videobridge.Videobridge.handleColibriConferenceIQ(net.java.sip.communicator.impl.protocol.jabber.extensions.colibri.ColibriConferenceIQ)" because "org.jitsi.videobridge.RawUdpConferenceTest.bridge" is null
	at org.jitsi.videobridge.RawUdpConferenceTest.testNo_127_0_0_0_CandidateIps(RawUdpConferenceTest.java:84)
</error>
    <system-err><![CDATA[May 02, 2022 8:47:59 PM org.jitsi.impl.osgi.framework.BundleImpl start
SEVERE: Error starting bundle: null
java.lang.ClassNotFoundException: org.jitsi.eventadmin.Activator
	at java.base/jdk.internal.loader.BuiltinClassLoader.loadClass(BuiltinClassLoader.java:641)
	at java.base/java.lang.ClassLoader.loadClass(ClassLoader.java:520)
	at org.jitsi.impl.osgi.framework.BundleImpl.loadClass(BundleImpl.java:237)
	at org.jitsi.impl.osgi.framework.BundleImpl.start(BundleImpl.java:305)
	at org.jitsi.impl.osgi.framework.launch.FrameworkImpl.startLevelChanged(FrameworkImpl.java:472)
	at org.jitsi.impl.osgi.framework.startlevel.FrameworkStartLevelImpl$Command.run(FrameworkStartLevelImpl.java:137)
	at org.jitsi.impl.osgi.framework.AsyncExecutor.runInThread(AsyncExecutor.java:122)
	at org.jitsi.impl.osgi.framework.AsyncExecutor.access$000(AsyncExecutor.java:28)
	at org.jitsi.impl.osgi.framework.AsyncExecutor$1.run(AsyncExecutor.java:231)

May 02, 2022 8:47:59 PM org.jitsi.impl.osgi.framework.launch.FrameworkImpl startLevelChanged
SEVERE: Error changing start level
org.osgi.framework.BundleException: BundleActivator.start
	at org.jitsi.impl.osgi.framework.BundleImpl.start(BundleImpl.java:327)
	at org.jitsi.impl.osgi.framework.launch.FrameworkImpl.startLevelChanged(FrameworkImpl.java:472)
	at org.jitsi.impl.osgi.framework.startlevel.FrameworkStartLevelImpl$Command.run(FrameworkStartLevelImpl.java:137)
	at org.jitsi.impl.osgi.framework.AsyncExecutor.runInThread(AsyncExecutor.java:122)
	at org.jitsi.impl.osgi.framework.AsyncExecutor.access$000(AsyncExecutor.java:28)
	at org.jitsi.impl.osgi.framework.AsyncExecutor$1.run(AsyncExecutor.java:231)
Caused by: java.lang.ClassNotFoundException: org.jitsi.eventadmin.Activator
	at java.base/jdk.internal.loader.BuiltinClassLoader.loadClass(BuiltinClassLoader.java:641)
	at java.base/java.lang.ClassLoader.loadClass(ClassLoader.java:520)
	at org.jitsi.impl.osgi.framework.BundleImpl.loadClass(BundleImpl.java:237)
	at org.jitsi.impl.osgi.framework.BundleImpl.start(BundleImpl.java:305)
	... 5 more

May 02, 2022 8:47:59 PM org.jitsi.impl.osgi.framework.BundleImpl start
SEVERE: Error starting bundle: null
java.lang.ClassNotFoundException: org.jitsi.service.libjitsi.LibJitsiActivator
	at java.base/jdk.internal.loader.BuiltinClassLoader.loadClass(BuiltinClassLoader.java:641)
	at java.base/java.lang.ClassLoader.loadClass(ClassLoader.java:520)
	at org.jitsi.impl.osgi.framework.BundleImpl.loadClass(BundleImpl.java:237)
	at org.jitsi.impl.osgi.framework.BundleImpl.start(BundleImpl.java:305)
	at org.jitsi.impl.osgi.framework.launch.FrameworkImpl.startLevelChanged(FrameworkImpl.java:472)
	at org.jitsi.impl.osgi.framework.startlevel.FrameworkStartLevelImpl$Command.run(FrameworkStartLevelImpl.java:137)
	at org.jitsi.impl.osgi.framework.AsyncExecutor.runInThread(AsyncExecutor.java:122)
	at org.jitsi.impl.osgi.framework.AsyncExecutor.access$000(AsyncExecutor.java:28)
	at org.jitsi.impl.osgi.framework.AsyncExecutor$1.run(AsyncExecutor.java:231)

May 02, 2022 8:47:59 PM org.jitsi.impl.osgi.framework.launch.FrameworkImpl startLevelChanged
SEVERE: Error changing start level
org.osgi.framework.BundleException: BundleActivator.start
	at org.jitsi.impl.osgi.framework.BundleImpl.start(BundleImpl.java:327)
	at org.jitsi.impl.osgi.framework.launch.FrameworkImpl.startLevelChanged(FrameworkImpl.java:472)
	at org.jitsi.impl.osgi.framework.startlevel.FrameworkStartLevelImpl$Command.run(FrameworkStartLevelImpl.java:137)
	at org.jitsi.impl.osgi.framework.AsyncExecutor.runInThread(AsyncExecutor.java:122)
	at org.jitsi.impl.osgi.framework.AsyncExecutor.access$000(AsyncExecutor.java:28)
	at org.jitsi.impl.osgi.framework.AsyncExecutor$1.run(AsyncExecutor.java:231)
Caused by: java.lang.ClassNotFoundException: org.jitsi.service.libjitsi.LibJitsiActivator
	at java.base/jdk.internal.loader.BuiltinClassLoader.loadClass(BuiltinClassLoader.java:641)
	at java.base/java.lang.ClassLoader.loadClass(ClassLoader.java:520)
	at org.jitsi.impl.osgi.framework.BundleImpl.loadClass(BundleImpl.java:237)
	at org.jitsi.impl.osgi.framework.BundleImpl.start(BundleImpl.java:305)
	... 5 more

May 02, 2022 8:47:59 PM org.jitsi.impl.osgi.framework.BundleImpl start
SEVERE: Error starting bundle: null
java.lang.ClassNotFoundException: net.java.sip.communicator.util.UtilActivator
	at java.base/jdk.internal.loader.BuiltinClassLoader.loadClass(BuiltinClassLoader.java:641)
	at java.base/java.lang.ClassLoader.loadClass(ClassLoader.java:520)
	at org.jitsi.impl.osgi.framework.BundleImpl.loadClass(BundleImpl.java:237)
	at org.jitsi.impl.osgi.framework.BundleImpl.start(BundleImpl.java:305)
	at org.jitsi.impl.osgi.framework.launch.FrameworkImpl.startLevelChanged(FrameworkImpl.java:472)
	at org.jitsi.impl.osgi.framework.startlevel.FrameworkStartLevelImpl$Command.run(FrameworkStartLevelImpl.java:137)
	at org.jitsi.impl.osgi.framework.AsyncExecutor.runInThread(AsyncExecutor.java:122)
	at org.jitsi.impl.osgi.framework.AsyncExecutor.access$000(AsyncExecutor.java:28)
	at org.jitsi.impl.osgi.framework.AsyncExecutor$1.run(AsyncExecutor.java:231)

May 02, 2022 8:47:59 PM org.jitsi.impl.osgi.framework.launch.FrameworkImpl startLevelChanged
SEVERE: Error changing start level
org.osgi.framework.BundleException: BundleActivator.start
	at org.jitsi.impl.osgi.framework.BundleImpl.start(BundleImpl.java:327)
	at org.jitsi.impl.osgi.framework.launch.FrameworkImpl.startLevelChanged(FrameworkImpl.java:472)
	at org.jitsi.impl.osgi.framework.startlevel.FrameworkStartLevelImpl$Command.run(FrameworkStartLevelImpl.java:137)
	at org.jitsi.impl.osgi.framework.AsyncExecutor.runInThread(AsyncExecutor.java:122)
	at org.jitsi.impl.osgi.framework.AsyncExecutor.access$000(AsyncExecutor.java:28)
	at org.jitsi.impl.osgi.framework.AsyncExecutor$1.run(AsyncExecutor.java:231)
Caused by: java.lang.ClassNotFoundException: net.java.sip.communicator.util.UtilActivator
	at java.base/jdk.internal.loader.BuiltinClassLoader.loadClass(BuiltinClassLoader.java:641)
	at java.base/java.lang.ClassLoader.loadClass(ClassLoader.java:520)
	at org.jitsi.impl.osgi.framework.BundleImpl.loadClass(BundleImpl.java:237)
	at org.jitsi.impl.osgi.framework.BundleImpl.start(BundleImpl.java:305)
	... 5 more

May 02, 2022 8:47:59 PM org.jitsi.impl.osgi.framework.BundleImpl start
SEVERE: Error starting bundle: null
java.lang.ClassNotFoundException: net.java.sip.communicator.impl.fileaccess.FileAccessActivator
	at java.base/jdk.internal.loader.BuiltinClassLoader.loadClass(BuiltinClassLoader.java:641)
	at java.base/java.lang.ClassLoader.loadClass(ClassLoader.java:520)
	at org.jitsi.impl.osgi.framework.BundleImpl.loadClass(BundleImpl.java:237)
	at org.jitsi.impl.osgi.framework.BundleImpl.start(BundleImpl.java:305)
	at org.jitsi.impl.osgi.framework.launch.FrameworkImpl.startLevelChanged(FrameworkImpl.java:472)
	at org.jitsi.impl.osgi.framework.startlevel.FrameworkStartLevelImpl$Command.run(FrameworkStartLevelImpl.java:137)
	at org.jitsi.impl.osgi.framework.AsyncExecutor.runInThread(AsyncExecutor.java:122)
	at org.jitsi.impl.osgi.framework.AsyncExecutor.access$000(AsyncExecutor.java:28)
	at org.jitsi.impl.osgi.framework.AsyncExecutor$1.run(AsyncExecutor.java:231)

May 02, 2022 8:47:59 PM org.jitsi.impl.osgi.framework.launch.FrameworkImpl startLevelChanged
SEVERE: Error changing start level
org.osgi.framework.BundleException: BundleActivator.start
	at org.jitsi.impl.osgi.framework.BundleImpl.start(BundleImpl.java:327)
	at org.jitsi.impl.osgi.framework.launch.FrameworkImpl.startLevelChanged(FrameworkImpl.java:472)
	at org.jitsi.impl.osgi.framework.startlevel.FrameworkStartLevelImpl$Command.run(FrameworkStartLevelImpl.java:137)
	at org.jitsi.impl.osgi.framework.AsyncExecutor.runInThread(AsyncExecutor.java:122)
	at org.jitsi.impl.osgi.framework.AsyncExecutor.access$000(AsyncExecutor.java:28)
	at org.jitsi.impl.osgi.framework.AsyncExecutor$1.run(AsyncExecutor.java:231)
Caused by: java.lang.ClassNotFoundException: net.java.sip.communicator.impl.fileaccess.FileAccessActivator
	at java.base/jdk.internal.loader.BuiltinClassLoader.loadClass(BuiltinClassLoader.java:641)
	at java.base/java.lang.ClassLoader.loadClass(ClassLoader.java:520)
	at org.jitsi.impl.osgi.framework.BundleImpl.loadClass(BundleImpl.java:237)
	at org.jitsi.impl.osgi.framework.BundleImpl.start(BundleImpl.java:305)
	... 5 more

May 02, 2022 8:47:59 PM org.jitsi.impl.osgi.framework.BundleImpl start
SEVERE: Error starting bundle: null
java.lang.ClassNotFoundException: net.java.sip.communicator.impl.configuration.ConfigurationActivator
	at java.base/jdk.internal.loader.BuiltinClassLoader.loadClass(BuiltinClassLoader.java:641)
	at java.base/java.lang.ClassLoader.loadClass(ClassLoader.java:520)
	at org.jitsi.impl.osgi.framework.BundleImpl.loadClass(BundleImpl.java:237)
	at org.jitsi.impl.osgi.framework.BundleImpl.start(BundleImpl.java:305)
	at org.jitsi.impl.osgi.framework.launch.FrameworkImpl.startLevelChanged(FrameworkImpl.java:472)
	at org.jitsi.impl.osgi.framework.startlevel.FrameworkStartLevelImpl$Command.run(FrameworkStartLevelImpl.java:137)
	at org.jitsi.impl.osgi.framework.AsyncExecutor.runInThread(AsyncExecutor.java:122)
	at org.jitsi.impl.osgi.framework.AsyncExecutor.access$000(AsyncExecutor.java:28)
	at org.jitsi.impl.osgi.framework.AsyncExecutor$1.run(AsyncExecutor.java:231)

May 02, 2022 8:47:59 PM org.jitsi.impl.osgi.framework.launch.FrameworkImpl startLevelChanged
SEVERE: Error changing start level
org.osgi.framework.BundleException: BundleActivator.start
	at org.jitsi.impl.osgi.framework.BundleImpl.start(BundleImpl.java:327)
	at org.jitsi.impl.osgi.framework.launch.FrameworkImpl.startLevelChanged(FrameworkImpl.java:472)
	at org.jitsi.impl.osgi.framework.startlevel.FrameworkStartLevelImpl$Command.run(FrameworkStartLevelImpl.java:137)
	at org.jitsi.impl.osgi.framework.AsyncExecutor.runInThread(AsyncExecutor.java:122)
	at org.jitsi.impl.osgi.framework.AsyncExecutor.access$000(AsyncExecutor.java:28)
	at org.jitsi.impl.osgi.framework.AsyncExecutor$1.run(AsyncExecutor.java:231)
Caused by: java.lang.ClassNotFoundException: net.java.sip.communicator.impl.configuration.ConfigurationActivator
	at java.base/jdk.internal.loader.BuiltinClassLoader.loadClass(BuiltinClassLoader.java:641)
	at java.base/java.lang.ClassLoader.loadClass(ClassLoader.java:520)
	at org.jitsi.impl.osgi.framework.BundleImpl.loadClass(BundleImpl.java:237)
	at org.jitsi.impl.osgi.framework.BundleImpl.start(BundleImpl.java:305)
	... 5 more

May 02, 2022 8:47:59 PM org.jitsi.impl.osgi.framework.BundleImpl start
SEVERE: Error starting bundle: null
java.lang.ClassNotFoundException: net.java.sip.communicator.impl.resources.ResourceManagementActivator
	at java.base/jdk.internal.loader.BuiltinClassLoader.loadClass(BuiltinClassLoader.java:641)
	at java.base/java.lang.ClassLoader.loadClass(ClassLoader.java:520)
	at org.jitsi.impl.osgi.framework.BundleImpl.loadClass(BundleImpl.java:237)
	at org.jitsi.impl.osgi.framework.BundleImpl.start(BundleImpl.java:305)
	at org.jitsi.impl.osgi.framework.launch.FrameworkImpl.startLevelChanged(FrameworkImpl.java:472)
	at org.jitsi.impl.osgi.framework.startlevel.FrameworkStartLevelImpl$Command.run(FrameworkStartLevelImpl.java:137)
	at org.jitsi.impl.osgi.framework.AsyncExecutor.runInThread(AsyncExecutor.java:122)
	at org.jitsi.impl.osgi.framework.AsyncExecutor.access$000(AsyncExecutor.java:28)
	at org.jitsi.impl.osgi.framework.AsyncExecutor$1.run(AsyncExecutor.java:231)

May 02, 2022 8:47:59 PM org.jitsi.impl.osgi.framework.launch.FrameworkImpl startLevelChanged
SEVERE: Error changing start level
org.osgi.framework.BundleException: BundleActivator.start
	at org.jitsi.impl.osgi.framework.BundleImpl.start(BundleImpl.java:327)
	at org.jitsi.impl.osgi.framework.launch.FrameworkImpl.startLevelChanged(FrameworkImpl.java:472)
	at org.jitsi.impl.osgi.framework.startlevel.FrameworkStartLevelImpl$Command.run(FrameworkStartLevelImpl.java:137)
	at org.jitsi.impl.osgi.framework.AsyncExecutor.runInThread(AsyncExecutor.java:122)
	at org.jitsi.impl.osgi.framework.AsyncExecutor.access$000(AsyncExecutor.java:28)
	at org.jitsi.impl.osgi.framework.AsyncExecutor$1.run(AsyncExecutor.java:231)
Caused by: java.lang.ClassNotFoundException: net.java.sip.communicator.impl.resources.ResourceManagementActivator
	at java.base/jdk.internal.loader.BuiltinClassLoader.loadClass(BuiltinClassLoader.java:641)
	at java.base/java.lang.ClassLoader.loadClass(ClassLoader.java:520)
	at org.jitsi.impl.osgi.framework.BundleImpl.loadClass(BundleImpl.java:237)
	at org.jitsi.impl.osgi.framework.BundleImpl.start(BundleImpl.java:305)
	... 5 more

May 02, 2022 8:47:59 PM org.jitsi.impl.osgi.framework.BundleImpl start
SEVERE: Error starting bundle: null
java.lang.ClassNotFoundException: net.java.sip.communicator.impl.netaddr.NetaddrActivator
	at java.base/jdk.internal.loader.BuiltinClassLoader.loadClass(BuiltinClassLoader.java:641)
	at java.base/java.lang.ClassLoader.loadClass(ClassLoader.java:520)
	at org.jitsi.impl.osgi.framework.BundleImpl.loadClass(BundleImpl.java:237)
	at org.jitsi.impl.osgi.framework.BundleImpl.start(BundleImpl.java:305)
	at org.jitsi.impl.osgi.framework.launch.FrameworkImpl.startLevelChanged(FrameworkImpl.java:472)
	at org.jitsi.impl.osgi.framework.startlevel.FrameworkStartLevelImpl$Command.run(FrameworkStartLevelImpl.java:137)
	at org.jitsi.impl.osgi.framework.AsyncExecutor.runInThread(AsyncExecutor.java:122)
	at org.jitsi.impl.osgi.framework.AsyncExecutor.access$000(AsyncExecutor.java:28)
	at org.jitsi.impl.osgi.framework.AsyncExecutor$1.run(AsyncExecutor.java:231)

May 02, 2022 8:47:59 PM org.jitsi.impl.osgi.framework.launch.FrameworkImpl startLevelChanged
SEVERE: Error changing start level
org.osgi.framework.BundleException: BundleActivator.start
	at org.jitsi.impl.osgi.framework.BundleImpl.start(BundleImpl.java:327)
	at org.jitsi.impl.osgi.framework.launch.FrameworkImpl.startLevelChanged(FrameworkImpl.java:472)
	at org.jitsi.impl.osgi.framework.startlevel.FrameworkStartLevelImpl$Command.run(FrameworkStartLevelImpl.java:137)
	at org.jitsi.impl.osgi.framework.AsyncExecutor.runInThread(AsyncExecutor.java:122)
	at org.jitsi.impl.osgi.framework.AsyncExecutor.access$000(AsyncExecutor.java:28)
	at org.jitsi.impl.osgi.framework.AsyncExecutor$1.run(AsyncExecutor.java:231)
Caused by: java.lang.ClassNotFoundException: net.java.sip.communicator.impl.netaddr.NetaddrActivator
	at java.base/jdk.internal.loader.BuiltinClassLoader.loadClass(BuiltinClassLoader.java:641)
	at java.base/java.lang.ClassLoader.loadClass(ClassLoader.java:520)
	at org.jitsi.impl.osgi.framework.BundleImpl.loadClass(BundleImpl.java:237)
	at org.jitsi.impl.osgi.framework.BundleImpl.start(BundleImpl.java:305)
	... 5 more

May 02, 2022 8:47:59 PM org.jitsi.impl.osgi.framework.BundleImpl start
SEVERE: Error starting bundle: null
java.lang.ClassNotFoundException: net.java.sip.communicator.impl.packetlogging.PacketLoggingActivator
	at java.base/jdk.internal.loader.BuiltinClassLoader.loadClass(BuiltinClassLoader.java:641)
	at java.base/java.lang.ClassLoader.loadClass(ClassLoader.java:520)
	at org.jitsi.impl.osgi.framework.BundleImpl.loadClass(BundleImpl.java:237)
	at org.jitsi.impl.osgi.framework.BundleImpl.start(BundleImpl.java:305)
	at org.jitsi.impl.osgi.framework.launch.FrameworkImpl.startLevelChanged(FrameworkImpl.java:472)
	at org.jitsi.impl.osgi.framework.startlevel.FrameworkStartLevelImpl$Command.run(FrameworkStartLevelImpl.java:137)
	at org.jitsi.impl.osgi.framework.AsyncExecutor.runInThread(AsyncExecutor.java:122)
	at org.jitsi.impl.osgi.framework.AsyncExecutor.access$000(AsyncExecutor.java:28)
	at org.jitsi.impl.osgi.framework.AsyncExecutor$1.run(AsyncExecutor.java:231)

May 02, 2022 8:47:59 PM org.jitsi.impl.osgi.framework.launch.FrameworkImpl startLevelChanged
SEVERE: Error changing start level
org.osgi.framework.BundleException: BundleActivator.start
	at org.jitsi.impl.osgi.framework.BundleImpl.start(BundleImpl.java:327)
	at org.jitsi.impl.osgi.framework.launch.FrameworkImpl.startLevelChanged(FrameworkImpl.java:472)
	at org.jitsi.impl.osgi.framework.startlevel.FrameworkStartLevelImpl$Command.run(FrameworkStartLevelImpl.java:137)
	at org.jitsi.impl.osgi.framework.AsyncExecutor.runInThread(AsyncExecutor.java:122)
	at org.jitsi.impl.osgi.framework.AsyncExecutor.access$000(AsyncExecutor.java:28)
	at org.jitsi.impl.osgi.framework.AsyncExecutor$1.run(AsyncExecutor.java:231)
Caused by: java.lang.ClassNotFoundException: net.java.sip.communicator.impl.packetlogging.PacketLoggingActivator
	at java.base/jdk.internal.loader.BuiltinClassLoader.loadClass(BuiltinClassLoader.java:641)
	at java.base/java.lang.ClassLoader.loadClass(ClassLoader.java:520)
	at org.jitsi.impl.osgi.framework.BundleImpl.loadClass(BundleImpl.java:237)
	at org.jitsi.impl.osgi.framework.BundleImpl.start(BundleImpl.java:305)
	... 5 more

May 02, 2022 8:47:59 PM org.jitsi.impl.osgi.framework.BundleImpl start
SEVERE: Error starting bundle: null
java.lang.ClassNotFoundException: net.java.sip.communicator.service.gui.internal.GuiServiceActivator
	at java.base/jdk.internal.loader.BuiltinClassLoader.loadClass(BuiltinClassLoader.java:641)
	at java.base/java.lang.ClassLoader.loadClass(ClassLoader.java:520)
	at org.jitsi.impl.osgi.framework.BundleImpl.loadClass(BundleImpl.java:237)
	at org.jitsi.impl.osgi.framework.BundleImpl.start(BundleImpl.java:305)
	at org.jitsi.impl.osgi.framework.launch.FrameworkImpl.startLevelChanged(FrameworkImpl.java:472)
	at org.jitsi.impl.osgi.framework.startlevel.FrameworkStartLevelImpl$Command.run(FrameworkStartLevelImpl.java:137)
	at org.jitsi.impl.osgi.framework.AsyncExecutor.runInThread(AsyncExecutor.java:122)
	at org.jitsi.impl.osgi.framework.AsyncExecutor.access$000(AsyncExecutor.java:28)
	at org.jitsi.impl.osgi.framework.AsyncExecutor$1.run(AsyncExecutor.java:231)

May 02, 2022 8:47:59 PM org.jitsi.impl.osgi.framework.launch.FrameworkImpl startLevelChanged
SEVERE: Error changing start level
org.osgi.framework.BundleException: BundleActivator.start
	at org.jitsi.impl.osgi.framework.BundleImpl.start(BundleImpl.java:327)
	at org.jitsi.impl.osgi.framework.launch.FrameworkImpl.startLevelChanged(FrameworkImpl.java:472)
	at org.jitsi.impl.osgi.framework.startlevel.FrameworkStartLevelImpl$Command.run(FrameworkStartLevelImpl.java:137)
	at org.jitsi.impl.osgi.framework.AsyncExecutor.runInThread(AsyncExecutor.java:122)
	at org.jitsi.impl.osgi.framework.AsyncExecutor.access$000(AsyncExecutor.java:28)
	at org.jitsi.impl.osgi.framework.AsyncExecutor$1.run(AsyncExecutor.java:231)
Caused by: java.lang.ClassNotFoundException: net.java.sip.communicator.service.gui.internal.GuiServiceActivator
	at java.base/jdk.internal.loader.BuiltinClassLoader.loadClass(BuiltinClassLoader.java:641)
	at java.base/java.lang.ClassLoader.loadClass(ClassLoader.java:520)
	at org.jitsi.impl.osgi.framework.BundleImpl.loadClass(BundleImpl.java:237)
	at org.jitsi.impl.osgi.framework.BundleImpl.start(BundleImpl.java:305)
	... 5 more

May 02, 2022 8:47:59 PM org.jitsi.impl.osgi.framework.BundleImpl start
SEVERE: Error starting bundle: null
java.lang.ClassNotFoundException: net.java.sip.communicator.service.protocol.media.ProtocolMediaActivator
	at java.base/jdk.internal.loader.BuiltinClassLoader.loadClass(BuiltinClassLoader.java:641)
	at java.base/java.lang.ClassLoader.loadClass(ClassLoader.java:520)
	at org.jitsi.impl.osgi.framework.BundleImpl.loadClass(BundleImpl.java:237)
	at org.jitsi.impl.osgi.framework.BundleImpl.start(BundleImpl.java:305)
	at org.jitsi.impl.osgi.framework.launch.FrameworkImpl.startLevelChanged(FrameworkImpl.java:472)
	at org.jitsi.impl.osgi.framework.startlevel.FrameworkStartLevelImpl$Command.run(FrameworkStartLevelImpl.java:137)
	at org.jitsi.impl.osgi.framework.AsyncExecutor.runInThread(AsyncExecutor.java:122)
	at org.jitsi.impl.osgi.framework.AsyncExecutor.access$000(AsyncExecutor.java:28)
	at org.jitsi.impl.osgi.framework.AsyncExecutor$1.run(AsyncExecutor.java:231)

May 02, 2022 8:47:59 PM org.jitsi.impl.osgi.framework.launch.FrameworkImpl startLevelChanged
SEVERE: Error changing start level
org.osgi.framework.BundleException: BundleActivator.start
	at org.jitsi.impl.osgi.framework.BundleImpl.start(BundleImpl.java:327)
	at org.jitsi.impl.osgi.framework.launch.FrameworkImpl.startLevelChanged(FrameworkImpl.java:472)
	at org.jitsi.impl.osgi.framework.startlevel.FrameworkStartLevelImpl$Command.run(FrameworkStartLevelImpl.java:137)
	at org.jitsi.impl.osgi.framework.AsyncExecutor.runInThread(AsyncExecutor.java:122)
	at org.jitsi.impl.osgi.framework.AsyncExecutor.access$000(AsyncExecutor.java:28)
	at org.jitsi.impl.osgi.framework.AsyncExecutor$1.run(AsyncExecutor.java:231)
Caused by: java.lang.ClassNotFoundException: net.java.sip.communicator.service.protocol.media.ProtocolMediaActivator
	at java.base/jdk.internal.loader.BuiltinClassLoader.loadClass(BuiltinClassLoader.java:641)
	at java.base/java.lang.ClassLoader.loadClass(ClassLoader.java:520)
	at org.jitsi.impl.osgi.framework.BundleImpl.loadClass(BundleImpl.java:237)
	at org.jitsi.impl.osgi.framework.BundleImpl.start(BundleImpl.java:305)
	... 5 more

May 02, 2022 8:47:59 PM org.jitsi.impl.osgi.framework.BundleImpl start
SEVERE: Error starting bundle: null
java.lang.ClassNotFoundException: org.jitsi.videobridge.eventadmin.callstats.Activator
	at java.base/jdk.internal.loader.BuiltinClassLoader.loadClass(BuiltinClassLoader.java:641)
	at java.base/java.lang.ClassLoader.loadClass(ClassLoader.java:520)
	at org.jitsi.impl.osgi.framework.BundleImpl.loadClass(BundleImpl.java:237)
	at org.jitsi.impl.osgi.framework.BundleImpl.start(BundleImpl.java:305)
	at org.jitsi.impl.osgi.framework.launch.FrameworkImpl.startLevelChanged(FrameworkImpl.java:472)
	at org.jitsi.impl.osgi.framework.startlevel.FrameworkStartLevelImpl$Command.run(FrameworkStartLevelImpl.java:137)
	at org.jitsi.impl.osgi.framework.AsyncExecutor.runInThread(AsyncExecutor.java:122)
	at org.jitsi.impl.osgi.framework.AsyncExecutor.access$000(AsyncExecutor.java:28)
	at org.jitsi.impl.osgi.framework.AsyncExecutor$1.run(AsyncExecutor.java:231)

May 02, 2022 8:47:59 PM org.jitsi.impl.osgi.framework.launch.FrameworkImpl startLevelChanged
SEVERE: Error changing start level
org.osgi.framework.BundleException: BundleActivator.start
	at org.jitsi.impl.osgi.framework.BundleImpl.start(BundleImpl.java:327)
	at org.jitsi.impl.osgi.framework.launch.FrameworkImpl.startLevelChanged(FrameworkImpl.java:472)
	at org.jitsi.impl.osgi.framework.startlevel.FrameworkStartLevelImpl$Command.run(FrameworkStartLevelImpl.java:137)
	at org.jitsi.impl.osgi.framework.AsyncExecutor.runInThread(AsyncExecutor.java:122)
	at org.jitsi.impl.osgi.framework.AsyncExecutor.access$000(AsyncExecutor.java:28)
	at org.jitsi.impl.osgi.framework.AsyncExecutor$1.run(AsyncExecutor.java:231)
Caused by: java.lang.ClassNotFoundException: org.jitsi.videobridge.eventadmin.callstats.Activator
	at java.base/jdk.internal.loader.BuiltinClassLoader.loadClass(BuiltinClassLoader.java:641)
	at java.base/java.lang.ClassLoader.loadClass(ClassLoader.java:520)
	at org.jitsi.impl.osgi.framework.BundleImpl.loadClass(BundleImpl.java:237)
	at org.jitsi.impl.osgi.framework.BundleImpl.start(BundleImpl.java:305)
	... 5 more

May 02, 2022 8:47:59 PM org.jitsi.impl.osgi.framework.BundleImpl start
SEVERE: Error starting bundle: null
java.lang.ClassNotFoundException: org.jitsi.videobridge.VideobridgeBundleActivator
	at java.base/jdk.internal.loader.BuiltinClassLoader.loadClass(BuiltinClassLoader.java:641)
	at java.base/java.lang.ClassLoader.loadClass(ClassLoader.java:520)
	at org.jitsi.impl.osgi.framework.BundleImpl.loadClass(BundleImpl.java:237)
	at org.jitsi.impl.osgi.framework.BundleImpl.start(BundleImpl.java:305)
	at org.jitsi.impl.osgi.framework.launch.FrameworkImpl.startLevelChanged(FrameworkImpl.java:472)
	at org.jitsi.impl.osgi.framework.startlevel.FrameworkStartLevelImpl$Command.run(FrameworkStartLevelImpl.java:137)
	at org.jitsi.impl.osgi.framework.AsyncExecutor.runInThread(AsyncExecutor.java:122)
	at org.jitsi.impl.osgi.framework.AsyncExecutor.access$000(AsyncExecutor.java:28)
	at org.jitsi.impl.osgi.framework.AsyncExecutor$1.run(AsyncExecutor.java:231)

May 02, 2022 8:47:59 PM org.jitsi.impl.osgi.framework.launch.FrameworkImpl startLevelChanged
SEVERE: Error changing start level
org.osgi.framework.BundleException: BundleActivator.start
	at org.jitsi.impl.osgi.framework.BundleImpl.start(BundleImpl.java:327)
	at org.jitsi.impl.osgi.framework.launch.FrameworkImpl.startLevelChanged(FrameworkImpl.java:472)
	at org.jitsi.impl.osgi.framework.startlevel.FrameworkStartLevelImpl$Command.run(FrameworkStartLevelImpl.java:137)
	at org.jitsi.impl.osgi.framework.AsyncExecutor.runInThread(AsyncExecutor.java:122)
	at org.jitsi.impl.osgi.framework.AsyncExecutor.access$000(AsyncExecutor.java:28)
	at org.jitsi.impl.osgi.framework.AsyncExecutor$1.run(AsyncExecutor.java:231)
Caused by: java.lang.ClassNotFoundException: org.jitsi.videobridge.VideobridgeBundleActivator
	at java.base/jdk.internal.loader.BuiltinClassLoader.loadClass(BuiltinClassLoader.java:641)
	at java.base/java.lang.ClassLoader.loadClass(ClassLoader.java:520)
	at org.jitsi.impl.osgi.framework.BundleImpl.loadClass(BundleImpl.java:237)
	at org.jitsi.impl.osgi.framework.BundleImpl.start(BundleImpl.java:305)
	... 5 more

May 02, 2022 8:47:59 PM org.jitsi.impl.osgi.framework.BundleImpl start
SEVERE: Error starting bundle: null
java.lang.ClassNotFoundException: org.jitsi.videobridge.version.VersionActivator
	at java.base/jdk.internal.loader.BuiltinClassLoader.loadClass(BuiltinClassLoader.java:641)
	at java.base/java.lang.ClassLoader.loadClass(ClassLoader.java:520)
	at org.jitsi.impl.osgi.framework.BundleImpl.loadClass(BundleImpl.java:237)
	at org.jitsi.impl.osgi.framework.BundleImpl.start(BundleImpl.java:305)
	at org.jitsi.impl.osgi.framework.launch.FrameworkImpl.startLevelChanged(FrameworkImpl.java:472)
	at org.jitsi.impl.osgi.framework.startlevel.FrameworkStartLevelImpl$Command.run(FrameworkStartLevelImpl.java:137)
	at org.jitsi.impl.osgi.framework.AsyncExecutor.runInThread(AsyncExecutor.java:122)
	at org.jitsi.impl.osgi.framework.AsyncExecutor.access$000(AsyncExecutor.java:28)
	at org.jitsi.impl.osgi.framework.AsyncExecutor$1.run(AsyncExecutor.java:231)

May 02, 2022 8:47:59 PM org.jitsi.impl.osgi.framework.launch.FrameworkImpl startLevelChanged
SEVERE: Error changing start level
org.osgi.framework.BundleException: BundleActivator.start
	at org.jitsi.impl.osgi.framework.BundleImpl.start(BundleImpl.java:327)
	at org.jitsi.impl.osgi.framework.launch.FrameworkImpl.startLevelChanged(FrameworkImpl.java:472)
	at org.jitsi.impl.osgi.framework.startlevel.FrameworkStartLevelImpl$Command.run(FrameworkStartLevelImpl.java:137)
	at org.jitsi.impl.osgi.framework.AsyncExecutor.runInThread(AsyncExecutor.java:122)
	at org.jitsi.impl.osgi.framework.AsyncExecutor.access$000(AsyncExecutor.java:28)
	at org.jitsi.impl.osgi.framework.AsyncExecutor$1.run(AsyncExecutor.java:231)
Caused by: java.lang.ClassNotFoundException: org.jitsi.videobridge.version.VersionActivator
	at java.base/jdk.internal.loader.BuiltinClassLoader.loadClass(BuiltinClassLoader.java:641)
	at java.base/java.lang.ClassLoader.loadClass(ClassLoader.java:520)
	at org.jitsi.impl.osgi.framework.BundleImpl.loadClass(BundleImpl.java:237)
	at org.jitsi.impl.osgi.framework.BundleImpl.start(BundleImpl.java:305)
	... 5 more

May 02, 2022 8:47:59 PM org.jitsi.impl.osgi.framework.BundleImpl start
SEVERE: Error starting bundle: null
java.lang.ClassNotFoundException: org.jitsi.videobridge.rest.RESTBundleActivator
	at java.base/jdk.internal.loader.BuiltinClassLoader.loadClass(BuiltinClassLoader.java:641)
	at java.base/java.lang.ClassLoader.loadClass(ClassLoader.java:520)
	at org.jitsi.impl.osgi.framework.BundleImpl.loadClass(BundleImpl.java:237)
	at org.jitsi.impl.osgi.framework.BundleImpl.start(BundleImpl.java:305)
	at org.jitsi.impl.osgi.framework.launch.FrameworkImpl.startLevelChanged(FrameworkImpl.java:472)
	at org.jitsi.impl.osgi.framework.startlevel.FrameworkStartLevelImpl$Command.run(FrameworkStartLevelImpl.java:137)
	at org.jitsi.impl.osgi.framework.AsyncExecutor.runInThread(AsyncExecutor.java:122)
	at org.jitsi.impl.osgi.framework.AsyncExecutor.access$000(AsyncExecutor.java:28)
	at org.jitsi.impl.osgi.framework.AsyncExecutor$1.run(AsyncExecutor.java:231)

May 02, 2022 8:47:59 PM org.jitsi.impl.osgi.framework.launch.FrameworkImpl startLevelChanged
SEVERE: Error changing start level
org.osgi.framework.BundleException: BundleActivator.start
	at org.jitsi.impl.osgi.framework.BundleImpl.start(BundleImpl.java:327)
	at org.jitsi.impl.osgi.framework.launch.FrameworkImpl.startLevelChanged(FrameworkImpl.java:472)
	at org.jitsi.impl.osgi.framework.startlevel.FrameworkStartLevelImpl$Command.run(FrameworkStartLevelImpl.java:137)
	at org.jitsi.impl.osgi.framework.AsyncExecutor.runInThread(AsyncExecutor.java:122)
	at org.jitsi.impl.osgi.framework.AsyncExecutor.access$000(AsyncExecutor.java:28)
	at org.jitsi.impl.osgi.framework.AsyncExecutor$1.run(AsyncExecutor.java:231)
Caused by: java.lang.ClassNotFoundException: org.jitsi.videobridge.rest.RESTBundleActivator
	at java.base/jdk.internal.loader.BuiltinClassLoader.loadClass(BuiltinClassLoader.java:641)
	at java.base/java.lang.ClassLoader.loadClass(ClassLoader.java:520)
	at org.jitsi.impl.osgi.framework.BundleImpl.loadClass(BundleImpl.java:237)
	at org.jitsi.impl.osgi.framework.BundleImpl.start(BundleImpl.java:305)
	... 5 more

May 02, 2022 8:47:59 PM org.jitsi.impl.osgi.framework.BundleImpl start
SEVERE: Error starting bundle: null
java.lang.ClassNotFoundException: org.jitsi.videobridge.rest.PublicRESTBundleActivator
	at java.base/jdk.internal.loader.BuiltinClassLoader.loadClass(BuiltinClassLoader.java:641)
	at java.base/java.lang.ClassLoader.loadClass(ClassLoader.java:520)
	at org.jitsi.impl.osgi.framework.BundleImpl.loadClass(BundleImpl.java:237)
	at org.jitsi.impl.osgi.framework.BundleImpl.start(BundleImpl.java:305)
	at org.jitsi.impl.osgi.framework.launch.FrameworkImpl.startLevelChanged(FrameworkImpl.java:472)
	at org.jitsi.impl.osgi.framework.startlevel.FrameworkStartLevelImpl$Command.run(FrameworkStartLevelImpl.java:137)
	at org.jitsi.impl.osgi.framework.AsyncExecutor.runInThread(AsyncExecutor.java:122)
	at org.jitsi.impl.osgi.framework.AsyncExecutor.access$000(AsyncExecutor.java:28)
	at org.jitsi.impl.osgi.framework.AsyncExecutor$1.run(AsyncExecutor.java:231)

May 02, 2022 8:47:59 PM org.jitsi.impl.osgi.framework.launch.FrameworkImpl startLevelChanged
SEVERE: Error changing start level
org.osgi.framework.BundleException: BundleActivator.start
	at org.jitsi.impl.osgi.framework.BundleImpl.start(BundleImpl.java:327)
	at org.jitsi.impl.osgi.framework.launch.FrameworkImpl.startLevelChanged(FrameworkImpl.java:472)
	at org.jitsi.impl.osgi.framework.startlevel.FrameworkStartLevelImpl$Command.run(FrameworkStartLevelImpl.java:137)
	at org.jitsi.impl.osgi.framework.AsyncExecutor.runInThread(AsyncExecutor.java:122)
	at org.jitsi.impl.osgi.framework.AsyncExecutor.access$000(AsyncExecutor.java:28)
	at org.jitsi.impl.osgi.framework.AsyncExecutor$1.run(AsyncExecutor.java:231)
Caused by: java.lang.ClassNotFoundException: org.jitsi.videobridge.rest.PublicRESTBundleActivator
	at java.base/jdk.internal.loader.BuiltinClassLoader.loadClass(BuiltinClassLoader.java:641)
	at java.base/java.lang.ClassLoader.loadClass(ClassLoader.java:520)
	at org.jitsi.impl.osgi.framework.BundleImpl.loadClass(BundleImpl.java:237)
	at org.jitsi.impl.osgi.framework.BundleImpl.start(BundleImpl.java:305)
	... 5 more

May 02, 2022 8:47:59 PM org.jitsi.impl.osgi.framework.BundleImpl start
SEVERE: Error starting bundle: null
java.lang.ClassNotFoundException: org.jitsi.videobridge.stats.StatsManagerBundleActivator
	at java.base/jdk.internal.loader.BuiltinClassLoader.loadClass(BuiltinClassLoader.java:641)
	at java.base/java.lang.ClassLoader.loadClass(ClassLoader.java:520)
	at org.jitsi.impl.osgi.framework.BundleImpl.loadClass(BundleImpl.java:237)
	at org.jitsi.impl.osgi.framework.BundleImpl.start(BundleImpl.java:305)
	at org.jitsi.impl.osgi.framework.launch.FrameworkImpl.startLevelChanged(FrameworkImpl.java:472)
	at org.jitsi.impl.osgi.framework.startlevel.FrameworkStartLevelImpl$Command.run(FrameworkStartLevelImpl.java:137)
	at org.jitsi.impl.osgi.framework.AsyncExecutor.runInThread(AsyncExecutor.java:122)
	at org.jitsi.impl.osgi.framework.AsyncExecutor.access$000(AsyncExecutor.java:28)
	at org.jitsi.impl.osgi.framework.AsyncExecutor$1.run(AsyncExecutor.java:231)

May 02, 2022 8:47:59 PM org.jitsi.impl.osgi.framework.launch.FrameworkImpl startLevelChanged
SEVERE: Error changing start level
org.osgi.framework.BundleException: BundleActivator.start
	at org.jitsi.impl.osgi.framework.BundleImpl.start(BundleImpl.java:327)
	at org.jitsi.impl.osgi.framework.launch.FrameworkImpl.startLevelChanged(FrameworkImpl.java:472)
	at org.jitsi.impl.osgi.framework.startlevel.FrameworkStartLevelImpl$Command.run(FrameworkStartLevelImpl.java:137)
	at org.jitsi.impl.osgi.framework.AsyncExecutor.runInThread(AsyncExecutor.java:122)
	at org.jitsi.impl.osgi.framework.AsyncExecutor.access$000(AsyncExecutor.java:28)
	at org.jitsi.impl.osgi.framework.AsyncExecutor$1.run(AsyncExecutor.java:231)
Caused by: java.lang.ClassNotFoundException: org.jitsi.videobridge.stats.StatsManagerBundleActivator
	at java.base/jdk.internal.loader.BuiltinClassLoader.loadClass(BuiltinClassLoader.java:641)
	at java.base/java.lang.ClassLoader.loadClass(ClassLoader.java:520)
	at org.jitsi.impl.osgi.framework.BundleImpl.loadClass(BundleImpl.java:237)
	at org.jitsi.impl.osgi.framework.BundleImpl.start(BundleImpl.java:305)
	... 5 more

May 02, 2022 8:47:59 PM org.jitsi.impl.osgi.framework.BundleImpl start
SEVERE: Error starting bundle: null
java.lang.ClassNotFoundException: org.jitsi.videobridge.EndpointConnectionStatus
	at java.base/jdk.internal.loader.BuiltinClassLoader.loadClass(BuiltinClassLoader.java:641)
	at java.base/java.lang.ClassLoader.loadClass(ClassLoader.java:520)
	at org.jitsi.impl.osgi.framework.BundleImpl.loadClass(BundleImpl.java:237)
	at org.jitsi.impl.osgi.framework.BundleImpl.start(BundleImpl.java:305)
	at org.jitsi.impl.osgi.framework.launch.FrameworkImpl.startLevelChanged(FrameworkImpl.java:472)
	at org.jitsi.impl.osgi.framework.startlevel.FrameworkStartLevelImpl$Command.run(FrameworkStartLevelImpl.java:137)
	at org.jitsi.impl.osgi.framework.AsyncExecutor.runInThread(AsyncExecutor.java:122)
	at org.jitsi.impl.osgi.framework.AsyncExecutor.access$000(AsyncExecutor.java:28)
	at org.jitsi.impl.osgi.framework.AsyncExecutor$1.run(AsyncExecutor.java:231)

May 02, 2022 8:47:59 PM org.jitsi.impl.osgi.framework.launch.FrameworkImpl startLevelChanged
SEVERE: Error changing start level
org.osgi.framework.BundleException: BundleActivator.start
	at org.jitsi.impl.osgi.framework.BundleImpl.start(BundleImpl.java:327)
	at org.jitsi.impl.osgi.framework.launch.FrameworkImpl.startLevelChanged(FrameworkImpl.java:472)
	at org.jitsi.impl.osgi.framework.startlevel.FrameworkStartLevelImpl$Command.run(FrameworkStartLevelImpl.java:137)
	at org.jitsi.impl.osgi.framework.AsyncExecutor.runInThread(AsyncExecutor.java:122)
	at org.jitsi.impl.osgi.framework.AsyncExecutor.access$000(AsyncExecutor.java:28)
	at org.jitsi.impl.osgi.framework.AsyncExecutor$1.run(AsyncExecutor.java:231)
Caused by: java.lang.ClassNotFoundException: org.jitsi.videobridge.EndpointConnectionStatus
	at java.base/jdk.internal.loader.BuiltinClassLoader.loadClass(BuiltinClassLoader.java:641)
	at java.base/java.lang.ClassLoader.loadClass(ClassLoader.java:520)
	at org.jitsi.impl.osgi.framework.BundleImpl.loadClass(BundleImpl.java:237)
	at org.jitsi.impl.osgi.framework.BundleImpl.start(BundleImpl.java:305)
	... 5 more

May 02, 2022 8:47:59 PM org.jitsi.impl.osgi.framework.BundleImpl start
SEVERE: Error starting bundle: null
java.lang.ClassNotFoundException: org.jitsi.videobridge.octo.OctoRelayService
	at java.base/jdk.internal.loader.BuiltinClassLoader.loadClass(BuiltinClassLoader.java:641)
	at java.base/java.lang.ClassLoader.loadClass(ClassLoader.java:520)
	at org.jitsi.impl.osgi.framework.BundleImpl.loadClass(BundleImpl.java:237)
	at org.jitsi.impl.osgi.framework.BundleImpl.start(BundleImpl.java:305)
	at org.jitsi.impl.osgi.framework.launch.FrameworkImpl.startLevelChanged(FrameworkImpl.java:472)
	at org.jitsi.impl.osgi.framework.startlevel.FrameworkStartLevelImpl$Command.run(FrameworkStartLevelImpl.java:137)
	at org.jitsi.impl.osgi.framework.AsyncExecutor.runInThread(AsyncExecutor.java:122)
	at org.jitsi.impl.osgi.framework.AsyncExecutor.access$000(AsyncExecutor.java:28)
	at org.jitsi.impl.osgi.framework.AsyncExecutor$1.run(AsyncExecutor.java:231)

May 02, 2022 8:47:59 PM org.jitsi.impl.osgi.framework.launch.FrameworkImpl startLevelChanged
SEVERE: Error changing start level
org.osgi.framework.BundleException: BundleActivator.start
	at org.jitsi.impl.osgi.framework.BundleImpl.start(BundleImpl.java:327)
	at org.jitsi.impl.osgi.framework.launch.FrameworkImpl.startLevelChanged(FrameworkImpl.java:472)
	at org.jitsi.impl.osgi.framework.startlevel.FrameworkStartLevelImpl$Command.run(FrameworkStartLevelImpl.java:137)
	at org.jitsi.impl.osgi.framework.AsyncExecutor.runInThread(AsyncExecutor.java:122)
	at org.jitsi.impl.osgi.framework.AsyncExecutor.access$000(AsyncExecutor.java:28)
	at org.jitsi.impl.osgi.framework.AsyncExecutor$1.run(AsyncExecutor.java:231)
Caused by: java.lang.ClassNotFoundException: org.jitsi.videobridge.octo.OctoRelayService
	at java.base/jdk.internal.loader.BuiltinClassLoader.loadClass(BuiltinClassLoader.java:641)
	at java.base/java.lang.ClassLoader.loadClass(ClassLoader.java:520)
	at org.jitsi.impl.osgi.framework.BundleImpl.loadClass(BundleImpl.java:237)
	at org.jitsi.impl.osgi.framework.BundleImpl.start(BundleImpl.java:305)
	... 5 more

]]></system-err>
  </testcase>
  <testcase name="testMixerChannel" classname="org.jitsi.videobridge.RawUdpConferenceTest" time="0">
[...]
SEVERE: Error changing start level
org.osgi.framework.BundleException: BundleActivator.start
	at org.jitsi.impl.osgi.framework.BundleImpl.start(BundleImpl.java:327)
	at org.jitsi.impl.osgi.framework.launch.FrameworkImpl.startLevelChanged(FrameworkImpl.java:472)
	at org.jitsi.impl.osgi.framework.startlevel.FrameworkStartLevelImpl$Command.run(FrameworkStartLevelImpl.java:137)
	at org.jitsi.impl.osgi.framework.AsyncExecutor.runInThread(AsyncExecutor.java:122)
	at org.jitsi.impl.osgi.framework.AsyncExecutor.access$000(AsyncExecutor.java:28)
	at org.jitsi.impl.osgi.framework.AsyncExecutor$1.run(AsyncExecutor.java:231)
Caused by: java.lang.ClassNotFoundException: net.java.sip.communicator.service.gui.internal.GuiServiceActivator
	at java.base/jdk.internal.loader.BuiltinClassLoader.loadClass(BuiltinClassLoader.java:641)
	at java.base/java.lang.ClassLoader.loadClass(ClassLoader.java:520)
	at org.jitsi.impl.osgi.framework.BundleImpl.loadClass(BundleImpl.java:237)
	at org.jitsi.impl.osgi.framework.BundleImpl.start(BundleImpl.java:305)
	... 5 more

May 02, 2022 8:47:59 PM org.jitsi.impl.osgi.framework.BundleImpl start
SEVERE: Error starting bundle: null
java.lang.ClassNotFoundException: net.java.sip.communicator.service.protocol.media.ProtocolMediaActivator
	at java.base/jdk.internal.loader.BuiltinClassLoader.loadClass(BuiltinClassLoader.java:641)
	at java.base/java.lang.ClassLoader.loadClass(ClassLoader.java:520)
	at org.jitsi.impl.osgi.framework.BundleImpl.loadClass(BundleImpl.java:237)
	at org.jitsi.impl.osgi.framework.BundleImpl.start(BundleImpl.java:305)
	at org.jitsi.impl.osgi.framework.launch.FrameworkImpl.startLevelChanged(FrameworkImpl.java:472)
	at org.jitsi.impl.osgi.framework.startlevel.FrameworkStartLevelImpl$Command.run(FrameworkStartLevelImpl.java:137)
	at org.jitsi.impl.osgi.framework.AsyncExecutor.runInThread(AsyncExecutor.java:122)
	at org.jitsi.impl.osgi.framework.AsyncExecutor.access$000(AsyncExecutor.java:28)
	at org.jitsi.impl.osgi.framework.AsyncExecutor$1.run(AsyncExecutor.java:231)

May 02, 2022 8:47:59 PM org.jitsi.impl.osgi.framework.launch.FrameworkImpl startLevelChanged
SEVERE: Error changing start level
org.osgi.framework.BundleException: BundleActivator.start
	at org.jitsi.impl.osgi.framework.BundleImpl.start(BundleImpl.java:327)
	at org.jitsi.impl.osgi.framework.launch.FrameworkImpl.startLevelChanged(FrameworkImpl.java:472)
	at org.jitsi.impl.osgi.framework.startlevel.FrameworkStartLevelImpl$Command.run(FrameworkStartLevelImpl.java:137)
	at org.jitsi.impl.osgi.framework.AsyncExecutor.runInThread(AsyncExecutor.java:122)
	at org.jitsi.impl.osgi.framework.AsyncExecutor.access$000(AsyncExecutor.java:28)
	at org.jitsi.impl.osgi.framework.AsyncExecutor$1.run(AsyncExecutor.java:231)
Caused by: java.lang.ClassNotFoundException: net.java.sip.communicator.service.protocol.media.ProtocolMediaActivator
	at java.base/jdk.internal.loader.BuiltinClassLoader.loadClass(BuiltinClassLoader.java:641)
	at java.base/java.lang.ClassLoader.loadClass(ClassLoader.java:520)
	at org.jitsi.impl.osgi.framework.BundleImpl.loadClass(BundleImpl.java:237)
	at org.jitsi.impl.osgi.framework.BundleImpl.start(BundleImpl.java:305)
	... 5 more

May 02, 2022 8:47:59 PM org.jitsi.impl.osgi.framework.BundleImpl start
SEVERE: Error starting bundle: null
java.lang.ClassNotFoundException: org.jitsi.videobridge.eventadmin.callstats.Activator
	at java.base/jdk.internal.loader.BuiltinClassLoader.loadClass(BuiltinClassLoader.java:641)
	at java.base/java.lang.ClassLoader.loadClass(ClassLoader.java:520)
	at org.jitsi.impl.osgi.framework.BundleImpl.loadClass(BundleImpl.java:237)
	at org.jitsi.impl.osgi.framework.BundleImpl.start(BundleImpl.java:305)
	at org.jitsi.impl.osgi.framework.launch.FrameworkImpl.startLevelChanged(FrameworkImpl.java:472)
	at org.jitsi.impl.osgi.framework.startlevel.FrameworkStartLevelImpl$Command.run(FrameworkStartLevelImpl.java:137)
	at org.jitsi.impl.osgi.framework.AsyncExecutor.runInThread(AsyncExecutor.java:122)
	at org.jitsi.impl.osgi.framework.AsyncExecutor.access$000(AsyncExecutor.java:28)
	at org.jitsi.impl.osgi.framework.AsyncExecutor$1.run(AsyncExecutor.java:231)

May 02, 2022 8:47:59 PM org.jitsi.impl.osgi.framework.launch.FrameworkImpl startLevelChanged
SEVERE: Error changing start level
org.osgi.framework.BundleException: BundleActivator.start
	at org.jitsi.impl.osgi.framework.BundleImpl.start(BundleImpl.java:327)
	at org.jitsi.impl.osgi.framework.launch.FrameworkImpl.startLevelChanged(FrameworkImpl.java:472)
	at org.jitsi.impl.osgi.framework.startlevel.FrameworkStartLevelImpl$Command.run(FrameworkStartLevelImpl.java:137)
	at org.jitsi.impl.osgi.framework.AsyncExecutor.runInThread(AsyncExecutor.java:122)
	at org.jitsi.impl.osgi.framework.AsyncExecutor.access$000(AsyncExecutor.java:28)
	at org.jitsi.impl.osgi.framework.AsyncExecutor$1.run(AsyncExecutor.java:231)
Caused by: java.lang.ClassNotFoundException: org.jitsi.videobridge.eventadmin.callstats.Activator
	at java.base/jdk.internal.loader.BuiltinClassLoader.loadClass(BuiltinClassLoader.java:641)
	at java.base/java.lang.ClassLoader.loadClass(ClassLoader.java:520)
	at org.jitsi.impl.osgi.framework.BundleImpl.loadClass(BundleImpl.java:237)
	at org.jitsi.impl.osgi.framework.BundleImpl.start(BundleImpl.java:305)
	... 5 more

May 02, 2022 8:47:59 PM org.jitsi.impl.osgi.framework.BundleImpl start
SEVERE: Error starting bundle: null
java.lang.ClassNotFoundException: org.jitsi.videobridge.VideobridgeBundleActivator
	at java.base/jdk.internal.loader.BuiltinClassLoader.loadClass(BuiltinClassLoader.java:641)
	at java.base/java.lang.ClassLoader.loadClass(ClassLoader.java:520)
	at org.jitsi.impl.osgi.framework.BundleImpl.loadClass(BundleImpl.java:237)
	at org.jitsi.impl.osgi.framework.BundleImpl.start(BundleImpl.java:305)
	at org.jitsi.impl.osgi.framework.launch.FrameworkImpl.startLevelChanged(FrameworkImpl.java:472)
	at org.jitsi.impl.osgi.framework.startlevel.FrameworkStartLevelImpl$Command.run(FrameworkStartLevelImpl.java:137)
	at org.jitsi.impl.osgi.framework.AsyncExecutor.runInThread(AsyncExecutor.java:122)
	at org.jitsi.impl.osgi.framework.AsyncExecutor.access$000(AsyncExecutor.java:28)
	at org.jitsi.impl.osgi.framework.AsyncExecutor$1.run(AsyncExecutor.java:231)

May 02, 2022 8:47:59 PM org.jitsi.impl.osgi.framework.launch.FrameworkImpl startLevelChanged
SEVERE: Error changing start level
org.osgi.framework.BundleException: BundleActivator.start
	at org.jitsi.impl.osgi.framework.BundleImpl.start(BundleImpl.java:327)
	at org.jitsi.impl.osgi.framework.launch.FrameworkImpl.startLevelChanged(FrameworkImpl.java:472)
	at org.jitsi.impl.osgi.framework.startlevel.FrameworkStartLevelImpl$Command.run(FrameworkStartLevelImpl.java:137)
	at org.jitsi.impl.osgi.framework.AsyncExecutor.runInThread(AsyncExecutor.java:122)
	at org.jitsi.impl.osgi.framework.AsyncExecutor.access$000(AsyncExecutor.java:28)
	at org.jitsi.impl.osgi.framework.AsyncExecutor$1.run(AsyncExecutor.java:231)
Caused by: java.lang.ClassNotFoundException: org.jitsi.videobridge.VideobridgeBundleActivator
	at java.base/jdk.internal.loader.BuiltinClassLoader.loadClass(BuiltinClassLoader.java:641)
	at java.base/java.lang.ClassLoader.loadClass(ClassLoader.java:520)
	at org.jitsi.impl.osgi.framework.BundleImpl.loadClass(BundleImpl.java:237)
	at org.jitsi.impl.osgi.framework.BundleImpl.start(BundleImpl.java:305)
	... 5 more

May 02, 2022 8:47:59 PM org.jitsi.impl.osgi.framework.BundleImpl start
SEVERE: Error starting bundle: null
java.lang.ClassNotFoundException: org.jitsi.videobridge.version.VersionActivator
	at java.base/jdk.internal.loader.BuiltinClassLoader.loadClass(BuiltinClassLoader.java:641)
	at java.base/java.lang.ClassLoader.loadClass(ClassLoader.java:520)
	at org.jitsi.impl.osgi.framework.BundleImpl.loadClass(BundleImpl.java:237)
	at org.jitsi.impl.osgi.framework.BundleImpl.start(BundleImpl.java:305)
	at org.jitsi.impl.osgi.framework.launch.FrameworkImpl.startLevelChanged(FrameworkImpl.java:472)
	at org.jitsi.impl.osgi.framework.startlevel.FrameworkStartLevelImpl$Command.run(FrameworkStartLevelImpl.java:137)
	at org.jitsi.impl.osgi.framework.AsyncExecutor.runInThread(AsyncExecutor.java:122)
	at org.jitsi.impl.osgi.framework.AsyncExecutor.access$000(AsyncExecutor.java:28)
	at org.jitsi.impl.osgi.framework.AsyncExecutor$1.run(AsyncExecutor.java:231)

May 02, 2022 8:47:59 PM org.jitsi.impl.osgi.framework.launch.FrameworkImpl startLevelChanged
SEVERE: Error changing start level
org.osgi.framework.BundleException: BundleActivator.start
	at org.jitsi.impl.osgi.framework.BundleImpl.start(BundleImpl.java:327)
	at org.jitsi.impl.osgi.framework.launch.FrameworkImpl.startLevelChanged(FrameworkImpl.java:472)
	at org.jitsi.impl.osgi.framework.startlevel.FrameworkStartLevelImpl$Command.run(FrameworkStartLevelImpl.java:137)
	at org.jitsi.impl.osgi.framework.AsyncExecutor.runInThread(AsyncExecutor.java:122)
	at org.jitsi.impl.osgi.framework.AsyncExecutor.access$000(AsyncExecutor.java:28)
	at org.jitsi.impl.osgi.framework.AsyncExecutor$1.run(AsyncExecutor.java:231)
Caused by: java.lang.ClassNotFoundException: org.jitsi.videobridge.version.VersionActivator
	at java.base/jdk.internal.loader.BuiltinClassLoader.loadClass(BuiltinClassLoader.java:641)
	at java.base/java.lang.ClassLoader.loadClass(ClassLoader.java:520)
	at org.jitsi.impl.osgi.framework.BundleImpl.loadClass(BundleImpl.java:237)
	at org.jitsi.impl.osgi.framework.BundleImpl.start(BundleImpl.java:305)
	... 5 more

May 02, 2022 8:47:59 PM org.jitsi.impl.osgi.framework.BundleImpl start
SEVERE: Error starting bundle: null
java.lang.ClassNotFoundException: org.jitsi.videobridge.rest.RESTBundleActivator
	at java.base/jdk.internal.loader.BuiltinClassLoader.loadClass(BuiltinClassLoader.java:641)
	at java.base/java.lang.ClassLoader.loadClass(ClassLoader.java:520)
	at org.jitsi.impl.osgi.framework.BundleImpl.loadClass(BundleImpl.java:237)
	at org.jitsi.impl.osgi.framework.BundleImpl.start(BundleImpl.java:305)
	at org.jitsi.impl.osgi.framework.launch.FrameworkImpl.startLevelChanged(FrameworkImpl.java:472)
	at org.jitsi.impl.osgi.framework.startlevel.FrameworkStartLevelImpl$Command.run(FrameworkStartLevelImpl.java:137)
	at org.jitsi.impl.osgi.framework.AsyncExecutor.runInThread(AsyncExecutor.java:122)
	at org.jitsi.impl.osgi.framework.AsyncExecutor.access$000(AsyncExecutor.java:28)
	at org.jitsi.impl.osgi.framework.AsyncExecutor$1.run(AsyncExecutor.java:231)

May 02, 2022 8:47:59 PM org.jitsi.impl.osgi.framework.launch.FrameworkImpl startLevelChanged
SEVERE: Error changing start level
org.osgi.framework.BundleException: BundleActivator.start
	at org.jitsi.impl.osgi.framework.BundleImpl.start(BundleImpl.java:327)
	at org.jitsi.impl.osgi.framework.launch.FrameworkImpl.startLevelChanged(FrameworkImpl.java:472)
	at org.jitsi.impl.osgi.framework.startlevel.FrameworkStartLevelImpl$Command.run(FrameworkStartLevelImpl.java:137)
	at org.jitsi.impl.osgi.framework.AsyncExecutor.runInThread(AsyncExecutor.java:122)
	at org.jitsi.impl.osgi.framework.AsyncExecutor.access$000(AsyncExecutor.java:28)
	at org.jitsi.impl.osgi.framework.AsyncExecutor$1.run(AsyncExecutor.java:231)
Caused by: java.lang.ClassNotFoundException: org.jitsi.videobridge.rest.RESTBundleActivator
	at java.base/jdk.internal.loader.BuiltinClassLoader.loadClass(BuiltinClassLoader.java:641)
	at java.base/java.lang.ClassLoader.loadClass(ClassLoader.java:520)
	at org.jitsi.impl.osgi.framework.BundleImpl.loadClass(BundleImpl.java:237)
	at org.jitsi.impl.osgi.framework.BundleImpl.start(BundleImpl.java:305)
	... 5 more

May 02, 2022 8:47:59 PM org.jitsi.impl.osgi.framework.BundleImpl start
SEVERE: Error starting bundle: null
java.lang.ClassNotFoundException: org.jitsi.videobridge.rest.PublicRESTBundleActivator
	at java.base/jdk.internal.loader.BuiltinClassLoader.loadClass(BuiltinClassLoader.java:641)
	at java.base/java.lang.ClassLoader.loadClass(ClassLoader.java:520)
	at org.jitsi.impl.osgi.framework.BundleImpl.loadClass(BundleImpl.java:237)
	at org.jitsi.impl.osgi.framework.BundleImpl.start(BundleImpl.java:305)
	at org.jitsi.impl.osgi.framework.launch.FrameworkImpl.startLevelChanged(FrameworkImpl.java:472)
	at org.jitsi.impl.osgi.framework.startlevel.FrameworkStartLevelImpl$Command.run(FrameworkStartLevelImpl.java:137)
	at org.jitsi.impl.osgi.framework.AsyncExecutor.runInThread(AsyncExecutor.java:122)
	at org.jitsi.impl.osgi.framework.AsyncExecutor.access$000(AsyncExecutor.java:28)
	at org.jitsi.impl.osgi.framework.AsyncExecutor$1.run(AsyncExecutor.java:231)

May 02, 2022 8:47:59 PM org.jitsi.impl.osgi.framework.launch.FrameworkImpl startLevelChanged
SEVERE: Error changing start level
org.osgi.framework.BundleException: BundleActivator.start
	at org.jitsi.impl.osgi.framework.BundleImpl.start(BundleImpl.java:327)
	at org.jitsi.impl.osgi.framework.launch.FrameworkImpl.startLevelChanged(FrameworkImpl.java:472)
	at org.jitsi.impl.osgi.framework.startlevel.FrameworkStartLevelImpl$Command.run(FrameworkStartLevelImpl.java:137)
	at org.jitsi.impl.osgi.framework.AsyncExecutor.runInThread(AsyncExecutor.java:122)
	at org.jitsi.impl.osgi.framework.AsyncExecutor.access$000(AsyncExecutor.java:28)
	at org.jitsi.impl.osgi.framework.AsyncExecutor$1.run(AsyncExecutor.java:231)
Caused by: java.lang.ClassNotFoundException: org.jitsi.videobridge.rest.PublicRESTBundleActivator
	at java.base/jdk.internal.loader.BuiltinClassLoader.loadClass(BuiltinClassLoader.java:641)
	at java.base/java.lang.ClassLoader.loadClass(ClassLoader.java:520)
	at org.jitsi.impl.osgi.framework.BundleImpl.loadClass(BundleImpl.java:237)
	at org.jitsi.impl.osgi.framework.BundleImpl.start(BundleImpl.java:305)
	... 5 more

May 02, 2022 8:47:59 PM org.jitsi.impl.osgi.framework.BundleImpl start
SEVERE: Error starting bundle: null
java.lang.ClassNotFoundException: org.jitsi.videobridge.stats.StatsManagerBundleActivator
	at java.base/jdk.internal.loader.BuiltinClassLoader.loadClass(BuiltinClassLoader.java:641)
	at java.base/java.lang.ClassLoader.loadClass(ClassLoader.java:520)
	at org.jitsi.impl.osgi.framework.BundleImpl.loadClass(BundleImpl.java:237)
	at org.jitsi.impl.osgi.framework.BundleImpl.start(BundleImpl.java:305)
	at org.jitsi.impl.osgi.framework.launch.FrameworkImpl.startLevelChanged(FrameworkImpl.java:472)
	at org.jitsi.impl.osgi.framework.startlevel.FrameworkStartLevelImpl$Command.run(FrameworkStartLevelImpl.java:137)
	at org.jitsi.impl.osgi.framework.AsyncExecutor.runInThread(AsyncExecutor.java:122)
	at org.jitsi.impl.osgi.framework.AsyncExecutor.access$000(AsyncExecutor.java:28)
	at org.jitsi.impl.osgi.framework.AsyncExecutor$1.run(AsyncExecutor.java:231)

May 02, 2022 8:47:59 PM org.jitsi.impl.osgi.framework.launch.FrameworkImpl startLevelChanged
SEVERE: Error changing start level
org.osgi.framework.BundleException: BundleActivator.start
	at org.jitsi.impl.osgi.framework.BundleImpl.start(BundleImpl.java:327)
	at org.jitsi.impl.osgi.framework.launch.FrameworkImpl.startLevelChanged(FrameworkImpl.java:472)
	at org.jitsi.impl.osgi.framework.startlevel.FrameworkStartLevelImpl$Command.run(FrameworkStartLevelImpl.java:137)
	at org.jitsi.impl.osgi.framework.AsyncExecutor.runInThread(AsyncExecutor.java:122)
	at org.jitsi.impl.osgi.framework.AsyncExecutor.access$000(AsyncExecutor.java:28)
	at org.jitsi.impl.osgi.framework.AsyncExecutor$1.run(AsyncExecutor.java:231)
Caused by: java.lang.ClassNotFoundException: org.jitsi.videobridge.stats.StatsManagerBundleActivator
	at java.base/jdk.internal.loader.BuiltinClassLoader.loadClass(BuiltinClassLoader.java:641)
	at java.base/java.lang.ClassLoader.loadClass(ClassLoader.java:520)
	at org.jitsi.impl.osgi.framework.BundleImpl.loadClass(BundleImpl.java:237)
	at org.jitsi.impl.osgi.framework.BundleImpl.start(BundleImpl.java:305)
	... 5 more

May 02, 2022 8:47:59 PM org.jitsi.impl.osgi.framework.BundleImpl start
SEVERE: Error starting bundle: null
java.lang.ClassNotFoundException: org.jitsi.videobridge.EndpointConnectionStatus
	at java.base/jdk.internal.loader.BuiltinClassLoader.loadClass(BuiltinClassLoader.java:641)
	at java.base/java.lang.ClassLoader.loadClass(ClassLoader.java:520)
	at org.jitsi.impl.osgi.framework.BundleImpl.loadClass(BundleImpl.java:237)
	at org.jitsi.impl.osgi.framework.BundleImpl.start(BundleImpl.java:305)
	at org.jitsi.impl.osgi.framework.launch.FrameworkImpl.startLevelChanged(FrameworkImpl.java:472)
	at org.jitsi.impl.osgi.framework.startlevel.FrameworkStartLevelImpl$Command.run(FrameworkStartLevelImpl.java:137)
	at org.jitsi.impl.osgi.framework.AsyncExecutor.runInThread(AsyncExecutor.java:122)
	at org.jitsi.impl.osgi.framework.AsyncExecutor.access$000(AsyncExecutor.java:28)
	at org.jitsi.impl.osgi.framework.AsyncExecutor$1.run(AsyncExecutor.java:231)

May 02, 2022 8:47:59 PM org.jitsi.impl.osgi.framework.launch.FrameworkImpl startLevelChanged
SEVERE: Error changing start level
org.osgi.framework.BundleException: BundleActivator.start
	at org.jitsi.impl.osgi.framework.BundleImpl.start(BundleImpl.java:327)
	at org.jitsi.impl.osgi.framework.launch.FrameworkImpl.startLevelChanged(FrameworkImpl.java:472)
	at org.jitsi.impl.osgi.framework.startlevel.FrameworkStartLevelImpl$Command.run(FrameworkStartLevelImpl.java:137)
	at org.jitsi.impl.osgi.framework.AsyncExecutor.runInThread(AsyncExecutor.java:122)
	at org.jitsi.impl.osgi.framework.AsyncExecutor.access$000(AsyncExecutor.java:28)
	at org.jitsi.impl.osgi.framework.AsyncExecutor$1.run(AsyncExecutor.java:231)
Caused by: java.lang.ClassNotFoundException: org.jitsi.videobridge.EndpointConnectionStatus
	at java.base/jdk.internal.loader.BuiltinClassLoader.loadClass(BuiltinClassLoader.java:641)
	at java.base/java.lang.ClassLoader.loadClass(ClassLoader.java:520)
	at org.jitsi.impl.osgi.framework.BundleImpl.loadClass(BundleImpl.java:237)
	at org.jitsi.impl.osgi.framework.BundleImpl.start(BundleImpl.java:305)
	... 5 more

May 02, 2022 8:47:59 PM org.jitsi.impl.osgi.framework.BundleImpl start
SEVERE: Error starting bundle: null
java.lang.ClassNotFoundException: org.jitsi.videobridge.octo.OctoRelayService
	at java.base/jdk.internal.loader.BuiltinClassLoader.loadClass(BuiltinClassLoader.java:641)
	at java.base/java.lang.ClassLoader.loadClass(ClassLoader.java:520)
	at org.jitsi.impl.osgi.framework.BundleImpl.loadClass(BundleImpl.java:237)
	at org.jitsi.impl.osgi.framework.BundleImpl.start(BundleImpl.java:305)
	at org.jitsi.impl.osgi.framework.launch.FrameworkImpl.startLevelChanged(FrameworkImpl.java:472)
	at org.jitsi.impl.osgi.framework.startlevel.FrameworkStartLevelImpl$Command.run(FrameworkStartLevelImpl.java:137)
	at org.jitsi.impl.osgi.framework.AsyncExecutor.runInThread(AsyncExecutor.java:122)
	at org.jitsi.impl.osgi.framework.AsyncExecutor.access$000(AsyncExecutor.java:28)
	at org.jitsi.impl.osgi.framework.AsyncExecutor$1.run(AsyncExecutor.java:231)

May 02, 2022 8:47:59 PM org.jitsi.impl.osgi.framework.launch.FrameworkImpl startLevelChanged
SEVERE: Error changing start level
org.osgi.framework.BundleException: BundleActivator.start
	at org.jitsi.impl.osgi.framework.BundleImpl.start(BundleImpl.java:327)
	at org.jitsi.impl.osgi.framework.launch.FrameworkImpl.startLevelChanged(FrameworkImpl.java:472)
	at org.jitsi.impl.osgi.framework.startlevel.FrameworkStartLevelImpl$Command.run(FrameworkStartLevelImpl.java:137)
	at org.jitsi.impl.osgi.framework.AsyncExecutor.runInThread(AsyncExecutor.java:122)
	at org.jitsi.impl.osgi.framework.AsyncExecutor.access$000(AsyncExecutor.java:28)
	at org.jitsi.impl.osgi.framework.AsyncExecutor$1.run(AsyncExecutor.java:231)
Caused by: java.lang.ClassNotFoundException: org.jitsi.videobridge.octo.OctoRelayService
	at java.base/jdk.internal.loader.BuiltinClassLoader.loadClass(BuiltinClassLoader.java:641)
	at java.base/java.lang.ClassLoader.loadClass(ClassLoader.java:520)
	at org.jitsi.impl.osgi.framework.BundleImpl.loadClass(BundleImpl.java:237)
	at org.jitsi.impl.osgi.framework.BundleImpl.start(BundleImpl.java:305)
	... 5 more

]]></system-err>
  </testcase>
</testsuite>